[2017-01-10T12:18:12,065][INFO ][logstash.agent           ] No config files found in path {:path=>"/Users/ayushi/Downloads/logstash-5.0.2/bin/config/readLogs.conf"}
[2017-01-10T12:18:12,075][ERROR][logstash.agent           ] failed to fetch pipeline configuration {:message=>"No config files found: config/readLogs.conf. Can you make sure this path is a logstash config file?"}
[2017-01-10T12:23:48,389][INFO ][logstash.agent           ] No config files found in path {:path=>"/Users/ayushi/Downloads/logstash-5.0.2/bin/config/readLogs.conf"}
[2017-01-10T12:23:48,393][ERROR][logstash.agent           ] failed to fetch pipeline configuration {:message=>"No config files found: config/readLogs.conf. Can you make sure this path is a logstash config file?"}
[2017-01-10T12:27:52,176][INFO ][logstash.agent           ] No config files found in path {:path=>"/Users/ayushi/Downloads/logstash-5.0.2/bin/config/readLogs.conf"}
[2017-01-10T12:27:52,182][ERROR][logstash.agent           ] failed to fetch pipeline configuration {:message=>"No config files found: config/readLogs.conf. Can you make sure this path is a logstash config file?"}
[2017-01-10T12:41:19,260][INFO ][logstash.agent           ] No config files found in path {:path=>"/Users/ayushi/Downloads/logstash-5.0.2/bin/config/readLogs.conf"}
[2017-01-10T12:41:19,264][ERROR][logstash.agent           ] failed to fetch pipeline configuration {:message=>"No config files found: config/readLogs.conf. Can you make sure this path is a logstash config file?"}
[2017-01-10T12:45:11,360][INFO ][logstash.outputs.elasticsearch] Elasticsearch pool URLs updated {:changes=>{:removed=>[], :added=>["http://~hidden~:~hidden~@localhost:9200"]}}
[2017-01-10T12:45:11,363][INFO ][logstash.outputs.elasticsearch] Using mapping template from {:path=>nil}
[2017-01-10T12:45:11,463][WARN ][logstash.outputs.elasticsearch] Marking url as dead. {:reason=>"Elasticsearch Unreachable: [http://~hidden~:~hidden~@localhost:9200][Manticore::SocketException] Connection refused", :url=>#<URI::HTTP:0x60018460 URL:http://~hidden~:~hidden~@localhost:9200>, :error_message=>"Elasticsearch Unreachable: [http://~hidden~:~hidden~@localhost:9200][Manticore::SocketException] Connection refused", :error_class=>"LogStash::Outputs::ElasticSearch::HttpClient::Pool::HostUnreachableError"}
[2017-01-10T12:45:11,464][ERROR][logstash.outputs.elasticsearch] Failed to install template. {:message=>"Elasticsearch Unreachable: [http://~hidden~:~hidden~@localhost:9200][Manticore::SocketException] Connection refused", :class=>"LogStash::Outputs::ElasticSearch::HttpClient::Pool::HostUnreachableError"}
[2017-01-10T12:45:11,465][INFO ][logstash.outputs.elasticsearch] New Elasticsearch output {:class=>"LogStash::Outputs::ElasticSearch", :hosts=>["localhost:9200"]}
[2017-01-10T12:45:11,467][INFO ][logstash.pipeline        ] Starting pipeline {"id"=>"main", "pipeline.workers"=>8, "pipeline.batch.size"=>125, "pipeline.batch.delay"=>5, "pipeline.max_inflight"=>1000}
[2017-01-10T12:45:11,470][INFO ][logstash.pipeline        ] Pipeline main started
[2017-01-10T12:45:11,510][INFO ][logstash.agent           ] Successfully started Logstash API endpoint {:port=>9600}
[2017-01-10T12:45:16,387][INFO ][logstash.outputs.elasticsearch] Running health check to see if an Elasticsearch connection is working {:url=>#<URI::HTTP:0x37863cd8 URL:http://~hidden~:~hidden~@localhost:9200>, :healthcheck_path=>"/"}
[2017-01-10T12:45:21,415][INFO ][logstash.outputs.elasticsearch] Running health check to see if an Elasticsearch connection is working {:url=>#<URI::HTTP:0x3193e658 URL:http://~hidden~:~hidden~@localhost:9200>, :healthcheck_path=>"/"}
[2017-01-10T12:45:26,437][INFO ][logstash.outputs.elasticsearch] Running health check to see if an Elasticsearch connection is working {:url=>#<URI::HTTP:0x3e98a4be URL:http://~hidden~:~hidden~@localhost:9200>, :healthcheck_path=>"/"}
[2017-01-10T12:45:31,456][INFO ][logstash.outputs.elasticsearch] Running health check to see if an Elasticsearch connection is working {:url=>#<URI::HTTP:0x78091594 URL:http://~hidden~:~hidden~@localhost:9200>, :healthcheck_path=>"/"}
[2017-01-10T12:45:36,482][INFO ][logstash.outputs.elasticsearch] Running health check to see if an Elasticsearch connection is working {:url=>#<URI::HTTP:0x218122be URL:http://~hidden~:~hidden~@localhost:9200>, :healthcheck_path=>"/"}
[2017-01-10T12:45:41,507][INFO ][logstash.outputs.elasticsearch] Running health check to see if an Elasticsearch connection is working {:url=>#<URI::HTTP:0x21853d1d URL:http://~hidden~:~hidden~@localhost:9200>, :healthcheck_path=>"/"}
[2017-01-10T12:45:46,528][INFO ][logstash.outputs.elasticsearch] Running health check to see if an Elasticsearch connection is working {:url=>#<URI::HTTP:0x5562f625 URL:http://~hidden~:~hidden~@localhost:9200>, :healthcheck_path=>"/"}
[2017-01-10T12:45:51,551][INFO ][logstash.outputs.elasticsearch] Running health check to see if an Elasticsearch connection is working {:url=>#<URI::HTTP:0x5c123118 URL:http://~hidden~:~hidden~@localhost:9200>, :healthcheck_path=>"/"}
[2017-01-10T12:45:56,578][INFO ][logstash.outputs.elasticsearch] Running health check to see if an Elasticsearch connection is working {:url=>#<URI::HTTP:0x7b7ed8e7 URL:http://~hidden~:~hidden~@localhost:9200>, :healthcheck_path=>"/"}
[2017-01-10T12:46:01,602][INFO ][logstash.outputs.elasticsearch] Running health check to see if an Elasticsearch connection is working {:url=>#<URI::HTTP:0x42cc2431 URL:http://~hidden~:~hidden~@localhost:9200>, :healthcheck_path=>"/"}
[2017-01-10T12:46:06,621][INFO ][logstash.outputs.elasticsearch] Running health check to see if an Elasticsearch connection is working {:url=>#<URI::HTTP:0x49cd97fb URL:http://~hidden~:~hidden~@localhost:9200>, :healthcheck_path=>"/"}
[2017-01-10T12:46:11,630][INFO ][logstash.outputs.elasticsearch] Running health check to see if an Elasticsearch connection is working {:url=>#<URI::HTTP:0x5819dfad URL:http://~hidden~:~hidden~@localhost:9200>, :healthcheck_path=>"/"}
[2017-01-10T12:46:16,641][INFO ][logstash.outputs.elasticsearch] Running health check to see if an Elasticsearch connection is working {:url=>#<URI::HTTP:0x5ce1a5b2 URL:http://~hidden~:~hidden~@localhost:9200>, :healthcheck_path=>"/"}
[2017-01-10T12:46:21,657][INFO ][logstash.outputs.elasticsearch] Running health check to see if an Elasticsearch connection is working {:url=>#<URI::HTTP:0x48744d79 URL:http://~hidden~:~hidden~@localhost:9200>, :healthcheck_path=>"/"}
[2017-01-10T12:46:21,851][WARN ][logstash.outputs.elasticsearch] Restored connection to ES instance {:url=>#<URI::HTTP:0x48744d79 URL:http://~hidden~:~hidden~@localhost:9200>}
[2017-01-10T12:48:32,065][WARN ][logstash.runner          ] SIGINT received. Shutting down the agent.
[2017-01-10T12:48:32,069][WARN ][logstash.agent           ] stopping pipeline {:id=>"main"}
[2017-01-10T12:48:56,474][INFO ][logstash.outputs.elasticsearch] Elasticsearch pool URLs updated {:changes=>{:removed=>[], :added=>["http://~hidden~:~hidden~@localhost:9200"]}}
[2017-01-10T12:48:56,478][INFO ][logstash.outputs.elasticsearch] Using mapping template from {:path=>nil}
[2017-01-10T12:48:56,797][INFO ][logstash.outputs.elasticsearch] Attempting to install template {:manage_template=>{"template"=>"logstash-*", "version"=>50001, "settings"=>{"index.refresh_interval"=>"5s"}, "mappings"=>{"_default_"=>{"_all"=>{"enabled"=>true, "norms"=>false}, "dynamic_templates"=>[{"message_field"=>{"path_match"=>"message", "match_mapping_type"=>"string", "mapping"=>{"type"=>"text", "norms"=>false}}}, {"string_fields"=>{"match"=>"*", "match_mapping_type"=>"string", "mapping"=>{"type"=>"text", "norms"=>false, "fields"=>{"keyword"=>{"type"=>"keyword"}}}}}], "properties"=>{"@timestamp"=>{"type"=>"date", "include_in_all"=>false}, "@version"=>{"type"=>"keyword", "include_in_all"=>false}, "geoip"=>{"dynamic"=>true, "properties"=>{"ip"=>{"type"=>"ip"}, "location"=>{"type"=>"geo_point"}, "latitude"=>{"type"=>"half_float"}, "longitude"=>{"type"=>"half_float"}}}}}}}}
[2017-01-10T12:48:56,809][INFO ][logstash.outputs.elasticsearch] New Elasticsearch output {:class=>"LogStash::Outputs::ElasticSearch", :hosts=>["localhost:9200"]}
[2017-01-10T12:48:56,811][INFO ][logstash.pipeline        ] Starting pipeline {"id"=>"main", "pipeline.workers"=>8, "pipeline.batch.size"=>125, "pipeline.batch.delay"=>5, "pipeline.max_inflight"=>1000}
[2017-01-10T12:48:56,815][INFO ][logstash.pipeline        ] Pipeline main started
[2017-01-10T12:48:56,856][INFO ][logstash.agent           ] Successfully started Logstash API endpoint {:port=>9600}
[2017-01-10T15:12:20,854][WARN ][logstash.runner          ] SIGINT received. Shutting down the agent.
[2017-01-10T15:12:20,861][WARN ][logstash.agent           ] stopping pipeline {:id=>"main"}
[2017-01-10T15:13:25,599][INFO ][logstash.outputs.elasticsearch] Elasticsearch pool URLs updated {:changes=>{:removed=>[], :added=>["http://~hidden~:~hidden~@localhost:9200"]}}
[2017-01-10T15:13:25,602][INFO ][logstash.outputs.elasticsearch] Using mapping template from {:path=>nil}
[2017-01-10T15:13:25,745][INFO ][logstash.outputs.elasticsearch] Attempting to install template {:manage_template=>{"template"=>"logstash-*", "version"=>50001, "settings"=>{"index.refresh_interval"=>"5s"}, "mappings"=>{"_default_"=>{"_all"=>{"enabled"=>true, "norms"=>false}, "dynamic_templates"=>[{"message_field"=>{"path_match"=>"message", "match_mapping_type"=>"string", "mapping"=>{"type"=>"text", "norms"=>false}}}, {"string_fields"=>{"match"=>"*", "match_mapping_type"=>"string", "mapping"=>{"type"=>"text", "norms"=>false, "fields"=>{"keyword"=>{"type"=>"keyword"}}}}}], "properties"=>{"@timestamp"=>{"type"=>"date", "include_in_all"=>false}, "@version"=>{"type"=>"keyword", "include_in_all"=>false}, "geoip"=>{"dynamic"=>true, "properties"=>{"ip"=>{"type"=>"ip"}, "location"=>{"type"=>"geo_point"}, "latitude"=>{"type"=>"half_float"}, "longitude"=>{"type"=>"half_float"}}}}}}}}
[2017-01-10T15:13:25,754][INFO ][logstash.outputs.elasticsearch] Installing elasticsearch template to _template/logstash
[2017-01-10T15:13:25,907][INFO ][logstash.outputs.elasticsearch] New Elasticsearch output {:class=>"LogStash::Outputs::ElasticSearch", :hosts=>["localhost:9200"]}
[2017-01-10T15:13:25,910][INFO ][logstash.pipeline        ] Starting pipeline {"id"=>"main", "pipeline.workers"=>8, "pipeline.batch.size"=>125, "pipeline.batch.delay"=>5, "pipeline.max_inflight"=>1000}
[2017-01-10T15:13:25,913][INFO ][logstash.pipeline        ] Pipeline main started
[2017-01-10T15:13:25,960][INFO ][logstash.agent           ] Successfully started Logstash API endpoint {:port=>9600}
[2017-01-10T15:17:23,046][WARN ][logstash.runner          ] SIGINT received. Shutting down the agent.
[2017-01-10T15:17:23,050][WARN ][logstash.agent           ] stopping pipeline {:id=>"main"}
[2017-01-10T15:18:40,085][INFO ][logstash.outputs.elasticsearch] Elasticsearch pool URLs updated {:changes=>{:removed=>[], :added=>["http://~hidden~:~hidden~@localhost:9200"]}}
[2017-01-10T15:18:40,088][INFO ][logstash.outputs.elasticsearch] Using mapping template from {:path=>nil}
[2017-01-10T15:18:40,262][INFO ][logstash.outputs.elasticsearch] Attempting to install template {:manage_template=>{"template"=>"logstash-*", "version"=>50001, "settings"=>{"index.refresh_interval"=>"5s"}, "mappings"=>{"_default_"=>{"_all"=>{"enabled"=>true, "norms"=>false}, "dynamic_templates"=>[{"message_field"=>{"path_match"=>"message", "match_mapping_type"=>"string", "mapping"=>{"type"=>"text", "norms"=>false}}}, {"string_fields"=>{"match"=>"*", "match_mapping_type"=>"string", "mapping"=>{"type"=>"text", "norms"=>false, "fields"=>{"keyword"=>{"type"=>"keyword"}}}}}], "properties"=>{"@timestamp"=>{"type"=>"date", "include_in_all"=>false}, "@version"=>{"type"=>"keyword", "include_in_all"=>false}, "geoip"=>{"dynamic"=>true, "properties"=>{"ip"=>{"type"=>"ip"}, "location"=>{"type"=>"geo_point"}, "latitude"=>{"type"=>"half_float"}, "longitude"=>{"type"=>"half_float"}}}}}}}}
[2017-01-10T15:18:40,273][INFO ][logstash.outputs.elasticsearch] New Elasticsearch output {:class=>"LogStash::Outputs::ElasticSearch", :hosts=>["localhost:9200"]}
[2017-01-10T15:18:40,274][INFO ][logstash.pipeline        ] Starting pipeline {"id"=>"main", "pipeline.workers"=>8, "pipeline.batch.size"=>125, "pipeline.batch.delay"=>5, "pipeline.max_inflight"=>1000}
[2017-01-10T15:18:40,278][INFO ][logstash.pipeline        ] Pipeline main started
[2017-01-10T15:18:40,313][INFO ][logstash.agent           ] Successfully started Logstash API endpoint {:port=>9600}
[2017-01-10T15:20:03,562][WARN ][logstash.runner          ] SIGINT received. Shutting down the agent.
[2017-01-10T15:20:03,566][WARN ][logstash.agent           ] stopping pipeline {:id=>"main"}
[2017-01-10T15:20:54,318][INFO ][logstash.outputs.elasticsearch] Elasticsearch pool URLs updated {:changes=>{:removed=>[], :added=>["http://localhost:9200"]}}
[2017-01-10T15:20:54,321][INFO ][logstash.outputs.elasticsearch] Using mapping template from {:path=>nil}
[2017-01-10T15:20:54,422][INFO ][logstash.outputs.elasticsearch] Attempting to install template {:manage_template=>{"template"=>"logstash-*", "version"=>50001, "settings"=>{"index.refresh_interval"=>"5s"}, "mappings"=>{"_default_"=>{"_all"=>{"enabled"=>true, "norms"=>false}, "dynamic_templates"=>[{"message_field"=>{"path_match"=>"message", "match_mapping_type"=>"string", "mapping"=>{"type"=>"text", "norms"=>false}}}, {"string_fields"=>{"match"=>"*", "match_mapping_type"=>"string", "mapping"=>{"type"=>"text", "norms"=>false, "fields"=>{"keyword"=>{"type"=>"keyword"}}}}}], "properties"=>{"@timestamp"=>{"type"=>"date", "include_in_all"=>false}, "@version"=>{"type"=>"keyword", "include_in_all"=>false}, "geoip"=>{"dynamic"=>true, "properties"=>{"ip"=>{"type"=>"ip"}, "location"=>{"type"=>"geo_point"}, "latitude"=>{"type"=>"half_float"}, "longitude"=>{"type"=>"half_float"}}}}}}}}
[2017-01-10T15:20:54,431][INFO ][logstash.outputs.elasticsearch] New Elasticsearch output {:class=>"LogStash::Outputs::ElasticSearch", :hosts=>["localhost:9200"]}
[2017-01-10T15:20:54,433][INFO ][logstash.pipeline        ] Starting pipeline {"id"=>"main", "pipeline.workers"=>8, "pipeline.batch.size"=>125, "pipeline.batch.delay"=>5, "pipeline.max_inflight"=>1000}
[2017-01-10T15:20:54,436][INFO ][logstash.pipeline        ] Pipeline main started
[2017-01-10T15:20:54,476][INFO ][logstash.agent           ] Successfully started Logstash API endpoint {:port=>9600}
[2017-01-10T15:26:56,593][WARN ][logstash.runner          ] SIGINT received. Shutting down the agent.
[2017-01-10T15:26:56,598][WARN ][logstash.agent           ] stopping pipeline {:id=>"main"}
[2017-01-10T15:33:26,759][INFO ][logstash.inputs.tcp      ] Starting tcp input listener {:address=>"0.0.0.0:10000"}
[2017-01-10T15:33:26,928][INFO ][logstash.outputs.elasticsearch] Elasticsearch pool URLs updated {:changes=>{:removed=>[], :added=>["http://~hidden~:~hidden~@localhost:9200"]}}
[2017-01-10T15:33:26,928][INFO ][logstash.outputs.elasticsearch] Using mapping template from {:path=>nil}
[2017-01-10T15:33:27,082][INFO ][logstash.outputs.elasticsearch] Attempting to install template {:manage_template=>{"template"=>"logstash-*", "version"=>50001, "settings"=>{"index.refresh_interval"=>"5s"}, "mappings"=>{"_default_"=>{"_all"=>{"enabled"=>true, "norms"=>false}, "dynamic_templates"=>[{"message_field"=>{"path_match"=>"message", "match_mapping_type"=>"string", "mapping"=>{"type"=>"text", "norms"=>false}}}, {"string_fields"=>{"match"=>"*", "match_mapping_type"=>"string", "mapping"=>{"type"=>"text", "norms"=>false, "fields"=>{"keyword"=>{"type"=>"keyword"}}}}}], "properties"=>{"@timestamp"=>{"type"=>"date", "include_in_all"=>false}, "@version"=>{"type"=>"keyword", "include_in_all"=>false}, "geoip"=>{"dynamic"=>true, "properties"=>{"ip"=>{"type"=>"ip"}, "location"=>{"type"=>"geo_point"}, "latitude"=>{"type"=>"half_float"}, "longitude"=>{"type"=>"half_float"}}}}}}}}
[2017-01-10T15:33:27,092][INFO ][logstash.outputs.elasticsearch] New Elasticsearch output {:class=>"LogStash::Outputs::ElasticSearch", :hosts=>["localhost:9200"]}
[2017-01-10T15:33:27,094][INFO ][logstash.pipeline        ] Starting pipeline {"id"=>"main", "pipeline.workers"=>8, "pipeline.batch.size"=>125, "pipeline.batch.delay"=>5, "pipeline.max_inflight"=>1000}
[2017-01-10T15:33:27,098][INFO ][logstash.pipeline        ] Pipeline main started
[2017-01-10T15:33:27,119][INFO ][logstash.agent           ] Successfully started Logstash API endpoint {:port=>9600}
[2017-01-10T17:31:54,329][WARN ][logstash.runner          ] SIGINT received. Shutting down the agent.
[2017-01-10T17:31:54,335][WARN ][logstash.agent           ] stopping pipeline {:id=>"main"}
[2017-01-10T17:33:36,536][INFO ][logstash.outputs.elasticsearch] Elasticsearch pool URLs updated {:changes=>{:removed=>[], :added=>["http://localhost:9200"]}}
[2017-01-10T17:33:36,540][INFO ][logstash.outputs.elasticsearch] Using mapping template from {:path=>nil}
[2017-01-10T17:33:36,632][INFO ][logstash.outputs.elasticsearch] Attempting to install template {:manage_template=>{"template"=>"logstash-*", "version"=>50001, "settings"=>{"index.refresh_interval"=>"5s"}, "mappings"=>{"_default_"=>{"_all"=>{"enabled"=>true, "norms"=>false}, "dynamic_templates"=>[{"message_field"=>{"path_match"=>"message", "match_mapping_type"=>"string", "mapping"=>{"type"=>"text", "norms"=>false}}}, {"string_fields"=>{"match"=>"*", "match_mapping_type"=>"string", "mapping"=>{"type"=>"text", "norms"=>false, "fields"=>{"keyword"=>{"type"=>"keyword"}}}}}], "properties"=>{"@timestamp"=>{"type"=>"date", "include_in_all"=>false}, "@version"=>{"type"=>"keyword", "include_in_all"=>false}, "geoip"=>{"dynamic"=>true, "properties"=>{"ip"=>{"type"=>"ip"}, "location"=>{"type"=>"geo_point"}, "latitude"=>{"type"=>"half_float"}, "longitude"=>{"type"=>"half_float"}}}}}}}}
[2017-01-10T17:33:36,638][INFO ][logstash.outputs.elasticsearch] New Elasticsearch output {:class=>"LogStash::Outputs::ElasticSearch", :hosts=>["localhost:9200"]}
[2017-01-10T17:33:36,640][INFO ][logstash.pipeline        ] Starting pipeline {"id"=>"main", "pipeline.workers"=>8, "pipeline.batch.size"=>125, "pipeline.batch.delay"=>5, "pipeline.max_inflight"=>1000}
[2017-01-10T17:33:36,644][INFO ][logstash.pipeline        ] Pipeline main started
[2017-01-10T17:33:36,678][INFO ][logstash.agent           ] Successfully started Logstash API endpoint {:port=>9600}
[2017-01-10T17:34:41,269][WARN ][logstash.runner          ] SIGINT received. Shutting down the agent.
[2017-01-10T17:34:41,282][WARN ][logstash.agent           ] stopping pipeline {:id=>"main"}
[2017-01-10T17:37:46,809][INFO ][logstash.inputs.tcp      ] Starting tcp input listener {:address=>"0.0.0.0:10000"}
[2017-01-10T17:37:46,979][INFO ][logstash.outputs.elasticsearch] Elasticsearch pool URLs updated {:changes=>{:removed=>[], :added=>["http://~hidden~:~hidden~@localhost:9200"]}}
[2017-01-10T17:37:46,980][INFO ][logstash.outputs.elasticsearch] Using mapping template from {:path=>nil}
[2017-01-10T17:37:47,105][INFO ][logstash.outputs.elasticsearch] Attempting to install template {:manage_template=>{"template"=>"logstash-*", "version"=>50001, "settings"=>{"index.refresh_interval"=>"5s"}, "mappings"=>{"_default_"=>{"_all"=>{"enabled"=>true, "norms"=>false}, "dynamic_templates"=>[{"message_field"=>{"path_match"=>"message", "match_mapping_type"=>"string", "mapping"=>{"type"=>"text", "norms"=>false}}}, {"string_fields"=>{"match"=>"*", "match_mapping_type"=>"string", "mapping"=>{"type"=>"text", "norms"=>false, "fields"=>{"keyword"=>{"type"=>"keyword"}}}}}], "properties"=>{"@timestamp"=>{"type"=>"date", "include_in_all"=>false}, "@version"=>{"type"=>"keyword", "include_in_all"=>false}, "geoip"=>{"dynamic"=>true, "properties"=>{"ip"=>{"type"=>"ip"}, "location"=>{"type"=>"geo_point"}, "latitude"=>{"type"=>"half_float"}, "longitude"=>{"type"=>"half_float"}}}}}}}}
[2017-01-10T17:37:47,111][INFO ][logstash.outputs.elasticsearch] New Elasticsearch output {:class=>"LogStash::Outputs::ElasticSearch", :hosts=>["localhost:9200"]}
[2017-01-10T17:37:47,112][INFO ][logstash.pipeline        ] Starting pipeline {"id"=>"main", "pipeline.workers"=>8, "pipeline.batch.size"=>125, "pipeline.batch.delay"=>5, "pipeline.max_inflight"=>1000}
[2017-01-10T17:37:47,115][INFO ][logstash.pipeline        ] Pipeline main started
[2017-01-10T17:37:47,141][INFO ][logstash.agent           ] Successfully started Logstash API endpoint {:port=>9600}
[2017-01-10T17:38:34,123][WARN ][logstash.runner          ] SIGINT received. Shutting down the agent.
[2017-01-10T17:38:34,129][WARN ][logstash.agent           ] stopping pipeline {:id=>"main"}
[2017-01-10T17:40:32,357][INFO ][logstash.outputs.elasticsearch] Elasticsearch pool URLs updated {:changes=>{:removed=>[], :added=>["http://~hidden~:~hidden~@localhost:9200"]}}
[2017-01-10T17:40:32,361][INFO ][logstash.outputs.elasticsearch] Using mapping template from {:path=>nil}
[2017-01-10T17:40:32,497][INFO ][logstash.outputs.elasticsearch] Attempting to install template {:manage_template=>{"template"=>"logstash-*", "version"=>50001, "settings"=>{"index.refresh_interval"=>"5s"}, "mappings"=>{"_default_"=>{"_all"=>{"enabled"=>true, "norms"=>false}, "dynamic_templates"=>[{"message_field"=>{"path_match"=>"message", "match_mapping_type"=>"string", "mapping"=>{"type"=>"text", "norms"=>false}}}, {"string_fields"=>{"match"=>"*", "match_mapping_type"=>"string", "mapping"=>{"type"=>"text", "norms"=>false, "fields"=>{"keyword"=>{"type"=>"keyword"}}}}}], "properties"=>{"@timestamp"=>{"type"=>"date", "include_in_all"=>false}, "@version"=>{"type"=>"keyword", "include_in_all"=>false}, "geoip"=>{"dynamic"=>true, "properties"=>{"ip"=>{"type"=>"ip"}, "location"=>{"type"=>"geo_point"}, "latitude"=>{"type"=>"half_float"}, "longitude"=>{"type"=>"half_float"}}}}}}}}
[2017-01-10T17:40:32,504][INFO ][logstash.outputs.elasticsearch] New Elasticsearch output {:class=>"LogStash::Outputs::ElasticSearch", :hosts=>["localhost:9200"]}
[2017-01-10T17:40:32,573][INFO ][logstash.filters.geoip   ] Using geoip database {:path=>"/Users/ayushi/Downloads/logstash-5.0.2/vendor/bundle/jruby/1.9/gems/logstash-filter-geoip-4.0.3-java/vendor/GeoLite2-City.mmdb"}
[2017-01-10T17:40:32,594][INFO ][logstash.pipeline        ] Starting pipeline {"id"=>"main", "pipeline.workers"=>8, "pipeline.batch.size"=>125, "pipeline.batch.delay"=>5, "pipeline.max_inflight"=>1000}
[2017-01-10T17:40:32,597][INFO ][logstash.pipeline        ] Pipeline main started
[2017-01-10T17:40:32,664][INFO ][logstash.agent           ] Successfully started Logstash API endpoint {:port=>9600}
[2017-01-10T17:41:10,166][WARN ][logstash.runner          ] SIGINT received. Shutting down the agent.
[2017-01-10T17:41:10,173][WARN ][logstash.agent           ] stopping pipeline {:id=>"main"}
[2017-01-10T17:43:32,625][INFO ][logstash.outputs.elasticsearch] Elasticsearch pool URLs updated {:changes=>{:removed=>[], :added=>["http://~hidden~:~hidden~@localhost:9200"]}}
[2017-01-10T17:43:32,628][INFO ][logstash.outputs.elasticsearch] Using mapping template from {:path=>nil}
[2017-01-10T17:43:32,766][INFO ][logstash.outputs.elasticsearch] Attempting to install template {:manage_template=>{"template"=>"logstash-*", "version"=>50001, "settings"=>{"index.refresh_interval"=>"5s"}, "mappings"=>{"_default_"=>{"_all"=>{"enabled"=>true, "norms"=>false}, "dynamic_templates"=>[{"message_field"=>{"path_match"=>"message", "match_mapping_type"=>"string", "mapping"=>{"type"=>"text", "norms"=>false}}}, {"string_fields"=>{"match"=>"*", "match_mapping_type"=>"string", "mapping"=>{"type"=>"text", "norms"=>false, "fields"=>{"keyword"=>{"type"=>"keyword"}}}}}], "properties"=>{"@timestamp"=>{"type"=>"date", "include_in_all"=>false}, "@version"=>{"type"=>"keyword", "include_in_all"=>false}, "geoip"=>{"dynamic"=>true, "properties"=>{"ip"=>{"type"=>"ip"}, "location"=>{"type"=>"geo_point"}, "latitude"=>{"type"=>"half_float"}, "longitude"=>{"type"=>"half_float"}}}}}}}}
[2017-01-10T17:43:32,772][INFO ][logstash.outputs.elasticsearch] New Elasticsearch output {:class=>"LogStash::Outputs::ElasticSearch", :hosts=>["localhost:9200"]}
[2017-01-10T17:43:32,780][INFO ][logstash.pipeline        ] Starting pipeline {"id"=>"main", "pipeline.workers"=>8, "pipeline.batch.size"=>125, "pipeline.batch.delay"=>5, "pipeline.max_inflight"=>1000}
[2017-01-10T17:43:32,783][INFO ][logstash.pipeline        ] Pipeline main started
[2017-01-10T17:43:32,818][INFO ][logstash.agent           ] Successfully started Logstash API endpoint {:port=>9600}
[2017-01-10T17:45:32,902][WARN ][logstash.runner          ] SIGINT received. Shutting down the agent.
[2017-01-10T17:45:32,911][WARN ][logstash.agent           ] stopping pipeline {:id=>"main"}
[2017-01-10T17:45:45,049][INFO ][logstash.outputs.elasticsearch] Elasticsearch pool URLs updated {:changes=>{:removed=>[], :added=>["http://~hidden~:~hidden~@localhost:9200"]}}
[2017-01-10T17:45:45,053][INFO ][logstash.outputs.elasticsearch] Using mapping template from {:path=>nil}
[2017-01-10T17:45:45,196][INFO ][logstash.outputs.elasticsearch] Attempting to install template {:manage_template=>{"template"=>"logstash-*", "version"=>50001, "settings"=>{"index.refresh_interval"=>"5s"}, "mappings"=>{"_default_"=>{"_all"=>{"enabled"=>true, "norms"=>false}, "dynamic_templates"=>[{"message_field"=>{"path_match"=>"message", "match_mapping_type"=>"string", "mapping"=>{"type"=>"text", "norms"=>false}}}, {"string_fields"=>{"match"=>"*", "match_mapping_type"=>"string", "mapping"=>{"type"=>"text", "norms"=>false, "fields"=>{"keyword"=>{"type"=>"keyword"}}}}}], "properties"=>{"@timestamp"=>{"type"=>"date", "include_in_all"=>false}, "@version"=>{"type"=>"keyword", "include_in_all"=>false}, "geoip"=>{"dynamic"=>true, "properties"=>{"ip"=>{"type"=>"ip"}, "location"=>{"type"=>"geo_point"}, "latitude"=>{"type"=>"half_float"}, "longitude"=>{"type"=>"half_float"}}}}}}}}
[2017-01-10T17:45:45,203][INFO ][logstash.outputs.elasticsearch] New Elasticsearch output {:class=>"LogStash::Outputs::ElasticSearch", :hosts=>["localhost:9200"]}
[2017-01-10T17:45:45,204][INFO ][logstash.filters.geoip   ] Using geoip database {:path=>"/Users/ayushi/Downloads/logstash-5.0.2/vendor/bundle/jruby/1.9/gems/logstash-filter-geoip-4.0.3-java/vendor/GeoLite2-City.mmdb"}
[2017-01-10T17:45:45,224][INFO ][logstash.pipeline        ] Starting pipeline {"id"=>"main", "pipeline.workers"=>8, "pipeline.batch.size"=>125, "pipeline.batch.delay"=>5, "pipeline.max_inflight"=>1000}
[2017-01-10T17:45:45,228][INFO ][logstash.pipeline        ] Pipeline main started
[2017-01-10T17:45:45,269][INFO ][logstash.agent           ] Successfully started Logstash API endpoint {:port=>9600}
[2017-01-10T17:46:31,036][WARN ][logstash.runner          ] SIGINT received. Shutting down the agent.
[2017-01-10T17:46:31,058][WARN ][logstash.agent           ] stopping pipeline {:id=>"main"}
