[2017-01-11T12:02:52,378][INFO ][logstash.outputs.elasticsearch] Elasticsearch pool URLs updated {:changes=>{:removed=>[], :added=>["http://~hidden~:~hidden~@localhost:9200"]}}
[2017-01-11T12:02:52,389][INFO ][logstash.outputs.elasticsearch] Using mapping template from {:path=>nil}
[2017-01-11T12:02:52,543][INFO ][logstash.outputs.elasticsearch] Attempting to install template {:manage_template=>{"template"=>"logstash-*", "version"=>50001, "settings"=>{"index.refresh_interval"=>"5s"}, "mappings"=>{"_default_"=>{"_all"=>{"enabled"=>true, "norms"=>false}, "dynamic_templates"=>[{"message_field"=>{"path_match"=>"message", "match_mapping_type"=>"string", "mapping"=>{"type"=>"text", "norms"=>false}}}, {"string_fields"=>{"match"=>"*", "match_mapping_type"=>"string", "mapping"=>{"type"=>"text", "norms"=>false, "fields"=>{"keyword"=>{"type"=>"keyword"}}}}}], "properties"=>{"@timestamp"=>{"type"=>"date", "include_in_all"=>false}, "@version"=>{"type"=>"keyword", "include_in_all"=>false}, "geoip"=>{"dynamic"=>true, "properties"=>{"ip"=>{"type"=>"ip"}, "location"=>{"type"=>"geo_point"}, "latitude"=>{"type"=>"half_float"}, "longitude"=>{"type"=>"half_float"}}}}}}}}
[2017-01-11T12:02:52,551][INFO ][logstash.outputs.elasticsearch] New Elasticsearch output {:class=>"LogStash::Outputs::ElasticSearch", :hosts=>["localhost:9200"]}
[2017-01-11T12:02:52,627][INFO ][logstash.pipeline        ] Starting pipeline {"id"=>"main", "pipeline.workers"=>8, "pipeline.batch.size"=>125, "pipeline.batch.delay"=>5, "pipeline.max_inflight"=>1000}
[2017-01-11T12:02:52,630][INFO ][logstash.pipeline        ] Pipeline main started
[2017-01-11T12:02:52,677][INFO ][logstash.agent           ] Successfully started Logstash API endpoint {:port=>9600}
[2017-01-11T12:03:07,487][WARN ][logstash.runner          ] SIGINT received. Shutting down the agent.
[2017-01-11T12:03:07,493][WARN ][logstash.agent           ] stopping pipeline {:id=>"main"}
[2017-01-11T12:04:05,197][INFO ][logstash.outputs.elasticsearch] Elasticsearch pool URLs updated {:changes=>{:removed=>[], :added=>["http://~hidden~:~hidden~@localhost:9200"]}}
[2017-01-11T12:04:05,200][INFO ][logstash.outputs.elasticsearch] Using mapping template from {:path=>nil}
[2017-01-11T12:04:05,330][INFO ][logstash.outputs.elasticsearch] Attempting to install template {:manage_template=>{"template"=>"logstash-*", "version"=>50001, "settings"=>{"index.refresh_interval"=>"5s"}, "mappings"=>{"_default_"=>{"_all"=>{"enabled"=>true, "norms"=>false}, "dynamic_templates"=>[{"message_field"=>{"path_match"=>"message", "match_mapping_type"=>"string", "mapping"=>{"type"=>"text", "norms"=>false}}}, {"string_fields"=>{"match"=>"*", "match_mapping_type"=>"string", "mapping"=>{"type"=>"text", "norms"=>false, "fields"=>{"keyword"=>{"type"=>"keyword"}}}}}], "properties"=>{"@timestamp"=>{"type"=>"date", "include_in_all"=>false}, "@version"=>{"type"=>"keyword", "include_in_all"=>false}, "geoip"=>{"dynamic"=>true, "properties"=>{"ip"=>{"type"=>"ip"}, "location"=>{"type"=>"geo_point"}, "latitude"=>{"type"=>"half_float"}, "longitude"=>{"type"=>"half_float"}}}}}}}}
[2017-01-11T12:04:05,339][INFO ][logstash.outputs.elasticsearch] New Elasticsearch output {:class=>"LogStash::Outputs::ElasticSearch", :hosts=>["localhost:9200"]}
[2017-01-11T12:04:05,347][INFO ][logstash.pipeline        ] Starting pipeline {"id"=>"main", "pipeline.workers"=>8, "pipeline.batch.size"=>125, "pipeline.batch.delay"=>5, "pipeline.max_inflight"=>1000}
[2017-01-11T12:04:05,353][INFO ][logstash.pipeline        ] Pipeline main started
[2017-01-11T12:04:05,388][INFO ][logstash.agent           ] Successfully started Logstash API endpoint {:port=>9600}
[2017-01-11T12:04:27,505][WARN ][logstash.runner          ] SIGINT received. Shutting down the agent.
[2017-01-11T12:04:27,512][WARN ][logstash.agent           ] stopping pipeline {:id=>"main"}
[2017-01-11T12:05:58,000][INFO ][logstash.outputs.elasticsearch] Elasticsearch pool URLs updated {:changes=>{:removed=>[], :added=>["http://~hidden~:~hidden~@localhost:9200"]}}
[2017-01-11T12:05:58,003][INFO ][logstash.outputs.elasticsearch] Using mapping template from {:path=>nil}
[2017-01-11T12:05:58,097][WARN ][logstash.outputs.elasticsearch] Marking url as dead. {:reason=>"Elasticsearch Unreachable: [http://~hidden~:~hidden~@localhost:9200][Manticore::SocketException] Connection refused", :url=>#<URI::HTTP:0x6e5901cc URL:http://~hidden~:~hidden~@localhost:9200>, :error_message=>"Elasticsearch Unreachable: [http://~hidden~:~hidden~@localhost:9200][Manticore::SocketException] Connection refused", :error_class=>"LogStash::Outputs::ElasticSearch::HttpClient::Pool::HostUnreachableError"}
[2017-01-11T12:05:58,098][ERROR][logstash.outputs.elasticsearch] Failed to install template. {:message=>"Elasticsearch Unreachable: [http://~hidden~:~hidden~@localhost:9200][Manticore::SocketException] Connection refused", :class=>"LogStash::Outputs::ElasticSearch::HttpClient::Pool::HostUnreachableError"}
[2017-01-11T12:05:58,099][INFO ][logstash.outputs.elasticsearch] New Elasticsearch output {:class=>"LogStash::Outputs::ElasticSearch", :hosts=>["localhost:9200"]}
[2017-01-11T12:05:58,101][INFO ][logstash.pipeline        ] Starting pipeline {"id"=>"main", "pipeline.workers"=>8, "pipeline.batch.size"=>125, "pipeline.batch.delay"=>5, "pipeline.max_inflight"=>1000}
[2017-01-11T12:05:58,106][INFO ][logstash.pipeline        ] Pipeline main started
[2017-01-11T12:05:58,150][INFO ][logstash.agent           ] Successfully started Logstash API endpoint {:port=>9600}
[2017-01-11T12:06:03,011][INFO ][logstash.outputs.elasticsearch] Running health check to see if an Elasticsearch connection is working {:url=>#<URI::HTTP:0x3853f32a URL:http://~hidden~:~hidden~@localhost:9200>, :healthcheck_path=>"/"}
[2017-01-11T12:06:06,726][WARN ][logstash.runner          ] SIGINT received. Shutting down the agent.
[2017-01-11T12:06:06,733][WARN ][logstash.agent           ] stopping pipeline {:id=>"main"}
[2017-01-11T12:06:43,529][INFO ][logstash.outputs.elasticsearch] Elasticsearch pool URLs updated {:changes=>{:removed=>[], :added=>["http://~hidden~:~hidden~@localhost:9200"]}}
[2017-01-11T12:06:43,533][INFO ][logstash.outputs.elasticsearch] Using mapping template from {:path=>nil}
[2017-01-11T12:06:43,687][INFO ][logstash.outputs.elasticsearch] Attempting to install template {:manage_template=>{"template"=>"logstash-*", "version"=>50001, "settings"=>{"index.refresh_interval"=>"5s"}, "mappings"=>{"_default_"=>{"_all"=>{"enabled"=>true, "norms"=>false}, "dynamic_templates"=>[{"message_field"=>{"path_match"=>"message", "match_mapping_type"=>"string", "mapping"=>{"type"=>"text", "norms"=>false}}}, {"string_fields"=>{"match"=>"*", "match_mapping_type"=>"string", "mapping"=>{"type"=>"text", "norms"=>false, "fields"=>{"keyword"=>{"type"=>"keyword"}}}}}], "properties"=>{"@timestamp"=>{"type"=>"date", "include_in_all"=>false}, "@version"=>{"type"=>"keyword", "include_in_all"=>false}, "geoip"=>{"dynamic"=>true, "properties"=>{"ip"=>{"type"=>"ip"}, "location"=>{"type"=>"geo_point"}, "latitude"=>{"type"=>"half_float"}, "longitude"=>{"type"=>"half_float"}}}}}}}}
[2017-01-11T12:06:43,696][INFO ][logstash.outputs.elasticsearch] New Elasticsearch output {:class=>"LogStash::Outputs::ElasticSearch", :hosts=>["localhost:9200"]}
[2017-01-11T12:06:43,697][INFO ][logstash.pipeline        ] Starting pipeline {"id"=>"main", "pipeline.workers"=>8, "pipeline.batch.size"=>125, "pipeline.batch.delay"=>5, "pipeline.max_inflight"=>1000}
[2017-01-11T12:06:43,701][INFO ][logstash.pipeline        ] Pipeline main started
[2017-01-11T12:06:43,738][INFO ][logstash.agent           ] Successfully started Logstash API endpoint {:port=>9600}
[2017-01-11T12:07:54,906][WARN ][logstash.runner          ] SIGINT received. Shutting down the agent.
[2017-01-11T12:07:54,913][WARN ][logstash.agent           ] stopping pipeline {:id=>"main"}
[2017-01-11T12:09:01,351][INFO ][logstash.outputs.elasticsearch] Elasticsearch pool URLs updated {:changes=>{:removed=>[], :added=>["http://~hidden~:~hidden~@localhost:9200"]}}
[2017-01-11T12:09:01,355][INFO ][logstash.outputs.elasticsearch] Using mapping template from {:path=>nil}
[2017-01-11T12:09:01,485][INFO ][logstash.outputs.elasticsearch] Attempting to install template {:manage_template=>{"template"=>"logstash-*", "version"=>50001, "settings"=>{"index.refresh_interval"=>"5s"}, "mappings"=>{"_default_"=>{"_all"=>{"enabled"=>true, "norms"=>false}, "dynamic_templates"=>[{"message_field"=>{"path_match"=>"message", "match_mapping_type"=>"string", "mapping"=>{"type"=>"text", "norms"=>false}}}, {"string_fields"=>{"match"=>"*", "match_mapping_type"=>"string", "mapping"=>{"type"=>"text", "norms"=>false, "fields"=>{"keyword"=>{"type"=>"keyword"}}}}}], "properties"=>{"@timestamp"=>{"type"=>"date", "include_in_all"=>false}, "@version"=>{"type"=>"keyword", "include_in_all"=>false}, "geoip"=>{"dynamic"=>true, "properties"=>{"ip"=>{"type"=>"ip"}, "location"=>{"type"=>"geo_point"}, "latitude"=>{"type"=>"half_float"}, "longitude"=>{"type"=>"half_float"}}}}}}}}
[2017-01-11T12:09:01,491][INFO ][logstash.outputs.elasticsearch] New Elasticsearch output {:class=>"LogStash::Outputs::ElasticSearch", :hosts=>["localhost:9200"]}
[2017-01-11T12:09:01,492][INFO ][logstash.pipeline        ] Starting pipeline {"id"=>"main", "pipeline.workers"=>8, "pipeline.batch.size"=>125, "pipeline.batch.delay"=>5, "pipeline.max_inflight"=>1000}
[2017-01-11T12:09:01,495][INFO ][logstash.pipeline        ] Pipeline main started
[2017-01-11T12:09:01,530][INFO ][logstash.agent           ] Successfully started Logstash API endpoint {:port=>9600}
[2017-01-11T12:09:47,692][WARN ][logstash.runner          ] SIGINT received. Shutting down the agent.
[2017-01-11T12:09:47,697][WARN ][logstash.agent           ] stopping pipeline {:id=>"main"}
[2017-01-11T12:10:41,415][INFO ][logstash.inputs.tcp      ] Starting tcp input listener {:address=>"0.0.0.0:10000"}
[2017-01-11T12:10:41,581][INFO ][logstash.outputs.elasticsearch] Elasticsearch pool URLs updated {:changes=>{:removed=>[], :added=>["http://~hidden~:~hidden~@localhost:9200"]}}
[2017-01-11T12:10:41,582][INFO ][logstash.outputs.elasticsearch] Using mapping template from {:path=>nil}
[2017-01-11T12:10:41,706][INFO ][logstash.outputs.elasticsearch] Attempting to install template {:manage_template=>{"template"=>"logstash-*", "version"=>50001, "settings"=>{"index.refresh_interval"=>"5s"}, "mappings"=>{"_default_"=>{"_all"=>{"enabled"=>true, "norms"=>false}, "dynamic_templates"=>[{"message_field"=>{"path_match"=>"message", "match_mapping_type"=>"string", "mapping"=>{"type"=>"text", "norms"=>false}}}, {"string_fields"=>{"match"=>"*", "match_mapping_type"=>"string", "mapping"=>{"type"=>"text", "norms"=>false, "fields"=>{"keyword"=>{"type"=>"keyword"}}}}}], "properties"=>{"@timestamp"=>{"type"=>"date", "include_in_all"=>false}, "@version"=>{"type"=>"keyword", "include_in_all"=>false}, "geoip"=>{"dynamic"=>true, "properties"=>{"ip"=>{"type"=>"ip"}, "location"=>{"type"=>"geo_point"}, "latitude"=>{"type"=>"half_float"}, "longitude"=>{"type"=>"half_float"}}}}}}}}
[2017-01-11T12:10:41,712][INFO ][logstash.outputs.elasticsearch] New Elasticsearch output {:class=>"LogStash::Outputs::ElasticSearch", :hosts=>["localhost:9200"]}
[2017-01-11T12:10:41,714][INFO ][logstash.pipeline        ] Starting pipeline {"id"=>"main", "pipeline.workers"=>8, "pipeline.batch.size"=>125, "pipeline.batch.delay"=>5, "pipeline.max_inflight"=>1000}
[2017-01-11T12:10:41,716][INFO ][logstash.pipeline        ] Pipeline main started
[2017-01-11T12:10:41,737][INFO ][logstash.agent           ] Successfully started Logstash API endpoint {:port=>9600}
[2017-01-11T12:13:55,203][WARN ][logstash.runner          ] SIGINT received. Shutting down the agent.
[2017-01-11T12:13:55,208][WARN ][logstash.agent           ] stopping pipeline {:id=>"main"}
[2017-01-11T12:14:53,943][INFO ][logstash.outputs.elasticsearch] Elasticsearch pool URLs updated {:changes=>{:removed=>[], :added=>["http://~hidden~:~hidden~@localhost:9200"]}}
[2017-01-11T12:14:53,946][INFO ][logstash.outputs.elasticsearch] Using mapping template from {:path=>nil}
[2017-01-11T12:14:54,071][INFO ][logstash.outputs.elasticsearch] Attempting to install template {:manage_template=>{"template"=>"logstash-*", "version"=>50001, "settings"=>{"index.refresh_interval"=>"5s"}, "mappings"=>{"_default_"=>{"_all"=>{"enabled"=>true, "norms"=>false}, "dynamic_templates"=>[{"message_field"=>{"path_match"=>"message", "match_mapping_type"=>"string", "mapping"=>{"type"=>"text", "norms"=>false}}}, {"string_fields"=>{"match"=>"*", "match_mapping_type"=>"string", "mapping"=>{"type"=>"text", "norms"=>false, "fields"=>{"keyword"=>{"type"=>"keyword"}}}}}], "properties"=>{"@timestamp"=>{"type"=>"date", "include_in_all"=>false}, "@version"=>{"type"=>"keyword", "include_in_all"=>false}, "geoip"=>{"dynamic"=>true, "properties"=>{"ip"=>{"type"=>"ip"}, "location"=>{"type"=>"geo_point"}, "latitude"=>{"type"=>"half_float"}, "longitude"=>{"type"=>"half_float"}}}}}}}}
[2017-01-11T12:14:54,079][INFO ][logstash.outputs.elasticsearch] New Elasticsearch output {:class=>"LogStash::Outputs::ElasticSearch", :hosts=>["localhost:9200"]}
[2017-01-11T12:14:54,080][INFO ][logstash.pipeline        ] Starting pipeline {"id"=>"main", "pipeline.workers"=>8, "pipeline.batch.size"=>125, "pipeline.batch.delay"=>5, "pipeline.max_inflight"=>1000}
[2017-01-11T12:14:54,083][INFO ][logstash.pipeline        ] Pipeline main started
[2017-01-11T12:14:54,121][INFO ][logstash.agent           ] Successfully started Logstash API endpoint {:port=>9600}
[2017-01-11T12:15:15,359][WARN ][logstash.runner          ] SIGINT received. Shutting down the agent.
[2017-01-11T12:15:15,365][WARN ][logstash.agent           ] stopping pipeline {:id=>"main"}
[2017-01-11T12:19:43,105][INFO ][logstash.outputs.elasticsearch] Elasticsearch pool URLs updated {:changes=>{:removed=>[], :added=>["http://~hidden~:~hidden~@localhost:9200"]}}
[2017-01-11T12:19:43,109][INFO ][logstash.outputs.elasticsearch] Using mapping template from {:path=>nil}
[2017-01-11T12:19:43,238][INFO ][logstash.outputs.elasticsearch] Attempting to install template {:manage_template=>{"template"=>"logstash-*", "version"=>50001, "settings"=>{"index.refresh_interval"=>"5s"}, "mappings"=>{"_default_"=>{"_all"=>{"enabled"=>true, "norms"=>false}, "dynamic_templates"=>[{"message_field"=>{"path_match"=>"message", "match_mapping_type"=>"string", "mapping"=>{"type"=>"text", "norms"=>false}}}, {"string_fields"=>{"match"=>"*", "match_mapping_type"=>"string", "mapping"=>{"type"=>"text", "norms"=>false, "fields"=>{"keyword"=>{"type"=>"keyword"}}}}}], "properties"=>{"@timestamp"=>{"type"=>"date", "include_in_all"=>false}, "@version"=>{"type"=>"keyword", "include_in_all"=>false}, "geoip"=>{"dynamic"=>true, "properties"=>{"ip"=>{"type"=>"ip"}, "location"=>{"type"=>"geo_point"}, "latitude"=>{"type"=>"half_float"}, "longitude"=>{"type"=>"half_float"}}}}}}}}
[2017-01-11T12:19:43,245][INFO ][logstash.outputs.elasticsearch] New Elasticsearch output {:class=>"LogStash::Outputs::ElasticSearch", :hosts=>["localhost:9200"]}
[2017-01-11T12:19:43,253][INFO ][logstash.pipeline        ] Starting pipeline {"id"=>"main", "pipeline.workers"=>8, "pipeline.batch.size"=>125, "pipeline.batch.delay"=>5, "pipeline.max_inflight"=>1000}
[2017-01-11T12:19:43,256][INFO ][logstash.pipeline        ] Pipeline main started
[2017-01-11T12:19:43,290][INFO ][logstash.agent           ] Successfully started Logstash API endpoint {:port=>9600}
[2017-01-11T12:35:25,318][WARN ][logstash.runner          ] SIGINT received. Shutting down the agent.
[2017-01-11T12:35:25,325][WARN ][logstash.agent           ] stopping pipeline {:id=>"main"}
[2017-01-11T12:35:38,234][INFO ][logstash.outputs.elasticsearch] Elasticsearch pool URLs updated {:changes=>{:removed=>[], :added=>["http://~hidden~:~hidden~@localhost:9200"]}}
[2017-01-11T12:35:38,238][INFO ][logstash.outputs.elasticsearch] Using mapping template from {:path=>nil}
[2017-01-11T12:35:38,364][INFO ][logstash.outputs.elasticsearch] Attempting to install template {:manage_template=>{"template"=>"logstash-*", "version"=>50001, "settings"=>{"index.refresh_interval"=>"5s"}, "mappings"=>{"_default_"=>{"_all"=>{"enabled"=>true, "norms"=>false}, "dynamic_templates"=>[{"message_field"=>{"path_match"=>"message", "match_mapping_type"=>"string", "mapping"=>{"type"=>"text", "norms"=>false}}}, {"string_fields"=>{"match"=>"*", "match_mapping_type"=>"string", "mapping"=>{"type"=>"text", "norms"=>false, "fields"=>{"keyword"=>{"type"=>"keyword"}}}}}], "properties"=>{"@timestamp"=>{"type"=>"date", "include_in_all"=>false}, "@version"=>{"type"=>"keyword", "include_in_all"=>false}, "geoip"=>{"dynamic"=>true, "properties"=>{"ip"=>{"type"=>"ip"}, "location"=>{"type"=>"geo_point"}, "latitude"=>{"type"=>"half_float"}, "longitude"=>{"type"=>"half_float"}}}}}}}}
[2017-01-11T12:35:38,371][INFO ][logstash.outputs.elasticsearch] New Elasticsearch output {:class=>"LogStash::Outputs::ElasticSearch", :hosts=>["localhost:9200"]}
[2017-01-11T12:35:38,436][INFO ][logstash.filters.geoip   ] Using geoip database {:path=>"/Users/ayushi/Downloads/logstash-5.0.2/vendor/bundle/jruby/1.9/gems/logstash-filter-geoip-4.0.3-java/vendor/GeoLite2-City.mmdb"}
[2017-01-11T12:35:38,454][INFO ][logstash.pipeline        ] Starting pipeline {"id"=>"main", "pipeline.workers"=>8, "pipeline.batch.size"=>125, "pipeline.batch.delay"=>5, "pipeline.max_inflight"=>1000}
[2017-01-11T12:35:38,458][INFO ][logstash.pipeline        ] Pipeline main started
[2017-01-11T12:35:38,493][INFO ][logstash.agent           ] Successfully started Logstash API endpoint {:port=>9600}
[2017-01-11T12:37:05,330][WARN ][logstash.runner          ] SIGINT received. Shutting down the agent.
[2017-01-11T12:37:05,337][WARN ][logstash.agent           ] stopping pipeline {:id=>"main"}
[2017-01-11T13:56:36,358][ERROR][logstash.agent           ] fetched an invalid config {:config=>"input {\n    file {\n        type => \"apache-access\"\n        path => \"/Users/ayushi/Downloads/logstash-5.0.2/apache-access.log\"\n        start_position => \"beginning\"\n    }\n}\n\nfilter {\n        grok {\n      match => [\n      \"message\" , \"%{COMBINEDAPACHELOG}+%{GREEDYDATA:extra_fields}\",\n      \"message\" , \"%{COMMONAPACHELOG}+%{GREEDYDATA:extra_fields}\"\n      ]\n      overwrite => [ \"message\" ]\n   }\n        geoip {\n      source => \"clientip\"\n      target => \"geoip\"\n      add_tag => [ \"apache-geoip\" ]\n   }\n        date {\n      match => [ \"timestamp\" , \"dd/MMM/YYYY:HH:mm:ss Z\" ]\n      remove_field => [ \"timestamp\" ]\n   }\n}\n\noutput {\n        elasticsearch {\n                hosts => \"localhost:9200\"\n\t\tindex -> \"logs_%{+YYYY.MM.dd}\"\n\t\tmanage_template => true\n                user=> \"elastic\"\n                password=> \"changeme\"\n        }\n        stdout {\n                codec => rubydebug\n        }\n}\n\n", :reason=>"Expected one of #, => at line 31, column 9 (byte 706) after output {\n        elasticsearch {\n                hosts => \"localhost:9200\"\n\t\tindex "}
[2017-01-11T13:57:01,485][ERROR][logstash.agent           ] fetched an invalid config {:config=>"input {\n    file {\n        type => \"apache-access\"\n        path => \"/Users/ayushi/Downloads/logstash-5.0.2/apache-access.log\"\n        start_position => \"beginning\"\n    }\n}\n\nfilter {\n        grok {\n      match => [\n      \"message\" , \"%{COMBINEDAPACHELOG}+%{GREEDYDATA:extra_fields}\",\n      \"message\" , \"%{COMMONAPACHELOG}+%{GREEDYDATA:extra_fields}\"\n      ]\n      overwrite => [ \"message\" ]\n   }\n        geoip {\n      source => \"clientip\"\n      target => \"geoip\"\n      add_tag => [ \"apache-geoip\" ]\n   }\n        date {\n      match => [ \"timestamp\" , \"dd/MMM/YYYY:HH:mm:ss Z\" ]\n      remove_field => [ \"timestamp\" ]\n   }\n}\n\noutput {\n        elasticsearch {\n                hosts => \"localhost:9200\"\n\t\tindex -> \"logs_%{+YYYY.MM.dd}\"\n\t\tmanage_template => true\n                user=> \"elastic\"\n                password=> \"changeme\"\n        }\n        stdout {\n                codec => rubydebug\n        }\n}\n\n", :reason=>"Expected one of #, => at line 31, column 9 (byte 706) after output {\n        elasticsearch {\n                hosts => \"localhost:9200\"\n\t\tindex "}
[2017-01-11T13:57:28,262][ERROR][logstash.agent           ] fetched an invalid config {:config=>"input {\n    file {\n        type => \"apache-access\"\n        path => \"/Users/ayushi/Downloads/logstash-5.0.2/apache-access.log\"\n        start_position => \"beginning\"\n    }\n}\n\nfilter {\n        grok {\n      match => [\n      \"message\" , \"%{COMBINEDAPACHELOG}+%{GREEDYDATA:extra_fields}\",\n      \"message\" , \"%{COMMONAPACHELOG}+%{GREEDYDATA:extra_fields}\"\n      ]\n      overwrite => [ \"message\" ]\n   }\n        geoip {\n      source => \"clientip\"\n      target => \"geoip\"\n      add_tag => [ \"apache-geoip\" ]\n   }\n        date {\n      match => [ \"timestamp\" , \"dd/MMM/YYYY:HH:mm:ss Z\" ]\n      remove_field => [ \"timestamp\" ]\n   }\n}\n\noutput {\n        elasticsearch {\n                hosts => \"localhost:9200\"\n\t\tindex -> \"logs_%{+YYYY.MM.dd}\"\n\t\tmanage_template => true\n                user=> \"elastic\"\n                password=> \"changeme\"\n        }\n        stdout {\n                codec => rubydebug\n        }\n}\n\n", :reason=>"Expected one of #, => at line 31, column 9 (byte 706) after output {\n        elasticsearch {\n                hosts => \"localhost:9200\"\n\t\tindex "}
[2017-01-11T13:58:43,482][INFO ][logstash.outputs.elasticsearch] Elasticsearch pool URLs updated {:changes=>{:removed=>[], :added=>["http://~hidden~:~hidden~@localhost:9200"]}}
[2017-01-11T13:58:43,485][INFO ][logstash.outputs.elasticsearch] Using mapping template from {:path=>nil}
[2017-01-11T13:58:43,614][INFO ][logstash.outputs.elasticsearch] Attempting to install template {:manage_template=>{"template"=>"logstash-*", "version"=>50001, "settings"=>{"index.refresh_interval"=>"5s"}, "mappings"=>{"_default_"=>{"_all"=>{"enabled"=>true, "norms"=>false}, "dynamic_templates"=>[{"message_field"=>{"path_match"=>"message", "match_mapping_type"=>"string", "mapping"=>{"type"=>"text", "norms"=>false}}}, {"string_fields"=>{"match"=>"*", "match_mapping_type"=>"string", "mapping"=>{"type"=>"text", "norms"=>false, "fields"=>{"keyword"=>{"type"=>"keyword"}}}}}], "properties"=>{"@timestamp"=>{"type"=>"date", "include_in_all"=>false}, "@version"=>{"type"=>"keyword", "include_in_all"=>false}, "geoip"=>{"dynamic"=>true, "properties"=>{"ip"=>{"type"=>"ip"}, "location"=>{"type"=>"geo_point"}, "latitude"=>{"type"=>"half_float"}, "longitude"=>{"type"=>"half_float"}}}}}}}}
[2017-01-11T13:58:43,624][INFO ][logstash.outputs.elasticsearch] New Elasticsearch output {:class=>"LogStash::Outputs::ElasticSearch", :hosts=>["localhost:9200"]}
[2017-01-11T13:58:43,681][INFO ][logstash.filters.geoip   ] Using geoip database {:path=>"/Users/ayushi/Downloads/logstash-5.0.2/vendor/bundle/jruby/1.9/gems/logstash-filter-geoip-4.0.3-java/vendor/GeoLite2-City.mmdb"}
[2017-01-11T13:58:43,699][INFO ][logstash.pipeline        ] Starting pipeline {"id"=>"main", "pipeline.workers"=>8, "pipeline.batch.size"=>125, "pipeline.batch.delay"=>5, "pipeline.max_inflight"=>1000}
[2017-01-11T13:58:43,723][INFO ][logstash.pipeline        ] Pipeline main started
[2017-01-11T13:58:43,769][INFO ][logstash.agent           ] Successfully started Logstash API endpoint {:port=>9600}
[2017-01-11T14:01:31,806][WARN ][logstash.runner          ] SIGINT received. Shutting down the agent.
[2017-01-11T14:01:31,813][WARN ][logstash.agent           ] stopping pipeline {:id=>"main"}
[2017-01-11T14:01:40,674][INFO ][logstash.outputs.elasticsearch] Elasticsearch pool URLs updated {:changes=>{:removed=>[], :added=>["http://~hidden~:~hidden~@localhost:9200"]}}
[2017-01-11T14:01:40,677][INFO ][logstash.outputs.elasticsearch] Using mapping template from {:path=>nil}
[2017-01-11T14:01:40,799][INFO ][logstash.outputs.elasticsearch] Attempting to install template {:manage_template=>{"template"=>"logstash-*", "version"=>50001, "settings"=>{"index.refresh_interval"=>"5s"}, "mappings"=>{"_default_"=>{"_all"=>{"enabled"=>true, "norms"=>false}, "dynamic_templates"=>[{"message_field"=>{"path_match"=>"message", "match_mapping_type"=>"string", "mapping"=>{"type"=>"text", "norms"=>false}}}, {"string_fields"=>{"match"=>"*", "match_mapping_type"=>"string", "mapping"=>{"type"=>"text", "norms"=>false, "fields"=>{"keyword"=>{"type"=>"keyword"}}}}}], "properties"=>{"@timestamp"=>{"type"=>"date", "include_in_all"=>false}, "@version"=>{"type"=>"keyword", "include_in_all"=>false}, "geoip"=>{"dynamic"=>true, "properties"=>{"ip"=>{"type"=>"ip"}, "location"=>{"type"=>"geo_point"}, "latitude"=>{"type"=>"half_float"}, "longitude"=>{"type"=>"half_float"}}}}}}}}
[2017-01-11T14:01:40,807][INFO ][logstash.outputs.elasticsearch] New Elasticsearch output {:class=>"LogStash::Outputs::ElasticSearch", :hosts=>["localhost:9200"]}
[2017-01-11T14:01:40,866][INFO ][logstash.filters.geoip   ] Using geoip database {:path=>"/Users/ayushi/Downloads/logstash-5.0.2/vendor/bundle/jruby/1.9/gems/logstash-filter-geoip-4.0.3-java/vendor/GeoLite2-City.mmdb"}
[2017-01-11T14:01:40,888][INFO ][logstash.pipeline        ] Starting pipeline {"id"=>"main", "pipeline.workers"=>8, "pipeline.batch.size"=>125, "pipeline.batch.delay"=>5, "pipeline.max_inflight"=>1000}
[2017-01-11T14:01:40,891][INFO ][logstash.pipeline        ] Pipeline main started
[2017-01-11T14:01:40,954][INFO ][logstash.agent           ] Successfully started Logstash API endpoint {:port=>9600}
[2017-01-11T14:14:41,207][WARN ][logstash.runner          ] SIGINT received. Shutting down the agent.
[2017-01-11T14:14:41,213][WARN ][logstash.agent           ] stopping pipeline {:id=>"main"}
[2017-01-11T14:14:55,527][INFO ][logstash.outputs.elasticsearch] Elasticsearch pool URLs updated {:changes=>{:removed=>[], :added=>["http://~hidden~:~hidden~@localhost:9200"]}}
[2017-01-11T14:14:55,531][INFO ][logstash.outputs.elasticsearch] Using mapping template from {:path=>nil}
[2017-01-11T14:14:55,657][INFO ][logstash.outputs.elasticsearch] Attempting to install template {:manage_template=>{"template"=>"logstash-*", "version"=>50001, "settings"=>{"index.refresh_interval"=>"5s"}, "mappings"=>{"_default_"=>{"_all"=>{"enabled"=>true, "norms"=>false}, "dynamic_templates"=>[{"message_field"=>{"path_match"=>"message", "match_mapping_type"=>"string", "mapping"=>{"type"=>"text", "norms"=>false}}}, {"string_fields"=>{"match"=>"*", "match_mapping_type"=>"string", "mapping"=>{"type"=>"text", "norms"=>false, "fields"=>{"keyword"=>{"type"=>"keyword"}}}}}], "properties"=>{"@timestamp"=>{"type"=>"date", "include_in_all"=>false}, "@version"=>{"type"=>"keyword", "include_in_all"=>false}, "geoip"=>{"dynamic"=>true, "properties"=>{"ip"=>{"type"=>"ip"}, "location"=>{"type"=>"geo_point"}, "latitude"=>{"type"=>"half_float"}, "longitude"=>{"type"=>"half_float"}}}}}}}}
[2017-01-11T14:14:55,663][INFO ][logstash.outputs.elasticsearch] New Elasticsearch output {:class=>"LogStash::Outputs::ElasticSearch", :hosts=>["localhost:9200"]}
[2017-01-11T14:14:55,727][INFO ][logstash.filters.geoip   ] Using geoip database {:path=>"/Users/ayushi/Downloads/logstash-5.0.2/vendor/bundle/jruby/1.9/gems/logstash-filter-geoip-4.0.3-java/vendor/GeoLite2-City.mmdb"}
[2017-01-11T14:14:55,747][INFO ][logstash.pipeline        ] Starting pipeline {"id"=>"main", "pipeline.workers"=>8, "pipeline.batch.size"=>125, "pipeline.batch.delay"=>5, "pipeline.max_inflight"=>1000}
[2017-01-11T14:14:55,769][INFO ][logstash.pipeline        ] Pipeline main started
[2017-01-11T14:14:55,821][INFO ][logstash.agent           ] Successfully started Logstash API endpoint {:port=>9600}
[2017-01-11T14:16:47,730][WARN ][logstash.runner          ] SIGINT received. Shutting down the agent.
[2017-01-11T14:16:47,736][WARN ][logstash.agent           ] stopping pipeline {:id=>"main"}
[2017-01-11T14:17:59,526][INFO ][logstash.outputs.elasticsearch] Elasticsearch pool URLs updated {:changes=>{:removed=>[], :added=>["http://~hidden~:~hidden~@localhost:9200"]}}
[2017-01-11T14:17:59,529][INFO ][logstash.outputs.elasticsearch] Using mapping template from {:path=>nil}
[2017-01-11T14:17:59,680][INFO ][logstash.outputs.elasticsearch] Attempting to install template {:manage_template=>{"template"=>"logstash-*", "version"=>50001, "settings"=>{"index.refresh_interval"=>"5s"}, "mappings"=>{"_default_"=>{"_all"=>{"enabled"=>true, "norms"=>false}, "dynamic_templates"=>[{"message_field"=>{"path_match"=>"message", "match_mapping_type"=>"string", "mapping"=>{"type"=>"text", "norms"=>false}}}, {"string_fields"=>{"match"=>"*", "match_mapping_type"=>"string", "mapping"=>{"type"=>"text", "norms"=>false, "fields"=>{"keyword"=>{"type"=>"keyword"}}}}}], "properties"=>{"@timestamp"=>{"type"=>"date", "include_in_all"=>false}, "@version"=>{"type"=>"keyword", "include_in_all"=>false}, "geoip"=>{"dynamic"=>true, "properties"=>{"ip"=>{"type"=>"ip"}, "location"=>{"type"=>"geo_point"}, "latitude"=>{"type"=>"half_float"}, "longitude"=>{"type"=>"half_float"}}}}}}}}
[2017-01-11T14:17:59,691][INFO ][logstash.outputs.elasticsearch] New Elasticsearch output {:class=>"LogStash::Outputs::ElasticSearch", :hosts=>["localhost:9200"]}
[2017-01-11T14:17:59,753][INFO ][logstash.filters.geoip   ] Using geoip database {:path=>"/Users/ayushi/Downloads/logstash-5.0.2/vendor/bundle/jruby/1.9/gems/logstash-filter-geoip-4.0.3-java/vendor/GeoLite2-City.mmdb"}
[2017-01-11T14:17:59,772][INFO ][logstash.pipeline        ] Starting pipeline {"id"=>"main", "pipeline.workers"=>8, "pipeline.batch.size"=>125, "pipeline.batch.delay"=>5, "pipeline.max_inflight"=>1000}
[2017-01-11T14:17:59,775][INFO ][logstash.pipeline        ] Pipeline main started
[2017-01-11T14:17:59,845][INFO ][logstash.agent           ] Successfully started Logstash API endpoint {:port=>9600}
[2017-01-11T14:20:04,275][WARN ][logstash.runner          ] SIGINT received. Shutting down the agent.
[2017-01-11T14:20:04,283][WARN ][logstash.agent           ] stopping pipeline {:id=>"main"}
[2017-01-11T14:20:12,803][INFO ][logstash.inputs.tcp      ] Starting tcp input listener {:address=>"0.0.0.0:10000"}
[2017-01-11T14:20:12,970][INFO ][logstash.outputs.elasticsearch] Elasticsearch pool URLs updated {:changes=>{:removed=>[], :added=>["http://~hidden~:~hidden~@localhost:9200"]}}
[2017-01-11T14:20:12,971][INFO ][logstash.outputs.elasticsearch] Using mapping template from {:path=>nil}
[2017-01-11T14:20:13,096][INFO ][logstash.outputs.elasticsearch] Attempting to install template {:manage_template=>{"template"=>"logstash-*", "version"=>50001, "settings"=>{"index.refresh_interval"=>"5s"}, "mappings"=>{"_default_"=>{"_all"=>{"enabled"=>true, "norms"=>false}, "dynamic_templates"=>[{"message_field"=>{"path_match"=>"message", "match_mapping_type"=>"string", "mapping"=>{"type"=>"text", "norms"=>false}}}, {"string_fields"=>{"match"=>"*", "match_mapping_type"=>"string", "mapping"=>{"type"=>"text", "norms"=>false, "fields"=>{"keyword"=>{"type"=>"keyword"}}}}}], "properties"=>{"@timestamp"=>{"type"=>"date", "include_in_all"=>false}, "@version"=>{"type"=>"keyword", "include_in_all"=>false}, "geoip"=>{"dynamic"=>true, "properties"=>{"ip"=>{"type"=>"ip"}, "location"=>{"type"=>"geo_point"}, "latitude"=>{"type"=>"half_float"}, "longitude"=>{"type"=>"half_float"}}}}}}}}
[2017-01-11T14:20:13,104][INFO ][logstash.outputs.elasticsearch] New Elasticsearch output {:class=>"LogStash::Outputs::ElasticSearch", :hosts=>["localhost:9200"]}
[2017-01-11T14:20:13,107][INFO ][logstash.pipeline        ] Starting pipeline {"id"=>"main", "pipeline.workers"=>8, "pipeline.batch.size"=>125, "pipeline.batch.delay"=>5, "pipeline.max_inflight"=>1000}
[2017-01-11T14:20:13,110][INFO ][logstash.pipeline        ] Pipeline main started
[2017-01-11T14:20:13,133][INFO ][logstash.agent           ] Successfully started Logstash API endpoint {:port=>9600}
[2017-01-11T14:21:21,167][WARN ][logstash.runner          ] SIGINT received. Shutting down the agent.
[2017-01-11T14:21:21,172][WARN ][logstash.agent           ] stopping pipeline {:id=>"main"}
[2017-01-11T14:22:52,856][INFO ][logstash.outputs.elasticsearch] Elasticsearch pool URLs updated {:changes=>{:removed=>[], :added=>["http://~hidden~:~hidden~@localhost:9200"]}}
[2017-01-11T14:22:52,859][INFO ][logstash.outputs.elasticsearch] Using mapping template from {:path=>nil}
[2017-01-11T14:22:52,986][INFO ][logstash.outputs.elasticsearch] Attempting to install template {:manage_template=>{"template"=>"logstash-*", "version"=>50001, "settings"=>{"index.refresh_interval"=>"5s"}, "mappings"=>{"_default_"=>{"_all"=>{"enabled"=>true, "norms"=>false}, "dynamic_templates"=>[{"message_field"=>{"path_match"=>"message", "match_mapping_type"=>"string", "mapping"=>{"type"=>"text", "norms"=>false}}}, {"string_fields"=>{"match"=>"*", "match_mapping_type"=>"string", "mapping"=>{"type"=>"text", "norms"=>false, "fields"=>{"keyword"=>{"type"=>"keyword"}}}}}], "properties"=>{"@timestamp"=>{"type"=>"date", "include_in_all"=>false}, "@version"=>{"type"=>"keyword", "include_in_all"=>false}, "geoip"=>{"dynamic"=>true, "properties"=>{"ip"=>{"type"=>"ip"}, "location"=>{"type"=>"geo_point"}, "latitude"=>{"type"=>"half_float"}, "longitude"=>{"type"=>"half_float"}}}}}}}}
[2017-01-11T14:22:52,994][INFO ][logstash.outputs.elasticsearch] New Elasticsearch output {:class=>"LogStash::Outputs::ElasticSearch", :hosts=>["localhost:9200"]}
[2017-01-11T14:22:53,076][INFO ][logstash.filters.geoip   ] Using geoip database {:path=>"/Users/ayushi/Downloads/logstash-5.0.2/vendor/bundle/jruby/1.9/gems/logstash-filter-geoip-4.0.3-java/vendor/GeoLite2-City.mmdb"}
[2017-01-11T14:22:53,096][INFO ][logstash.pipeline        ] Starting pipeline {"id"=>"main", "pipeline.workers"=>8, "pipeline.batch.size"=>125, "pipeline.batch.delay"=>5, "pipeline.max_inflight"=>1000}
[2017-01-11T14:22:53,103][INFO ][logstash.pipeline        ] Pipeline main started
[2017-01-11T14:22:53,149][INFO ][logstash.agent           ] Successfully started Logstash API endpoint {:port=>9600}
[2017-01-11T14:26:43,010][WARN ][logstash.runner          ] SIGINT received. Shutting down the agent.
[2017-01-11T14:26:43,017][WARN ][logstash.agent           ] stopping pipeline {:id=>"main"}
[2017-01-11T14:26:56,466][INFO ][logstash.outputs.elasticsearch] Elasticsearch pool URLs updated {:changes=>{:removed=>[], :added=>["http://~hidden~:~hidden~@localhost:9200"]}}
[2017-01-11T14:26:56,471][INFO ][logstash.outputs.elasticsearch] Using mapping template from {:path=>nil}
[2017-01-11T14:26:56,648][INFO ][logstash.outputs.elasticsearch] Attempting to install template {:manage_template=>{"template"=>"logstash-*", "version"=>50001, "settings"=>{"index.refresh_interval"=>"5s"}, "mappings"=>{"_default_"=>{"_all"=>{"enabled"=>true, "norms"=>false}, "dynamic_templates"=>[{"message_field"=>{"path_match"=>"message", "match_mapping_type"=>"string", "mapping"=>{"type"=>"text", "norms"=>false}}}, {"string_fields"=>{"match"=>"*", "match_mapping_type"=>"string", "mapping"=>{"type"=>"text", "norms"=>false, "fields"=>{"keyword"=>{"type"=>"keyword"}}}}}], "properties"=>{"@timestamp"=>{"type"=>"date", "include_in_all"=>false}, "@version"=>{"type"=>"keyword", "include_in_all"=>false}, "geoip"=>{"dynamic"=>true, "properties"=>{"ip"=>{"type"=>"ip"}, "location"=>{"type"=>"geo_point"}, "latitude"=>{"type"=>"half_float"}, "longitude"=>{"type"=>"half_float"}}}}}}}}
[2017-01-11T14:26:56,656][INFO ][logstash.outputs.elasticsearch] New Elasticsearch output {:class=>"LogStash::Outputs::ElasticSearch", :hosts=>["localhost:9200"]}
[2017-01-11T14:26:56,719][INFO ][logstash.filters.geoip   ] Using geoip database {:path=>"/Users/ayushi/Downloads/logstash-5.0.2/vendor/bundle/jruby/1.9/gems/logstash-filter-geoip-4.0.3-java/vendor/GeoLite2-City.mmdb"}
[2017-01-11T14:26:56,740][INFO ][logstash.pipeline        ] Starting pipeline {"id"=>"main", "pipeline.workers"=>8, "pipeline.batch.size"=>125, "pipeline.batch.delay"=>5, "pipeline.max_inflight"=>1000}
[2017-01-11T14:26:56,744][INFO ][logstash.pipeline        ] Pipeline main started
[2017-01-11T14:26:56,835][INFO ][logstash.agent           ] Successfully started Logstash API endpoint {:port=>9600}
[2017-01-11T15:12:22,787][WARN ][logstash.runner          ] SIGINT received. Shutting down the agent.
[2017-01-11T15:12:22,794][WARN ][logstash.agent           ] stopping pipeline {:id=>"main"}
[2017-01-11T15:12:31,291][INFO ][logstash.outputs.elasticsearch] Elasticsearch pool URLs updated {:changes=>{:removed=>[], :added=>["http://~hidden~:~hidden~@localhost:9200"]}}
[2017-01-11T15:12:31,294][INFO ][logstash.outputs.elasticsearch] Using mapping template from {:path=>nil}
[2017-01-11T15:12:31,440][INFO ][logstash.outputs.elasticsearch] Attempting to install template {:manage_template=>{"template"=>"logstash-*", "version"=>50001, "settings"=>{"index.refresh_interval"=>"5s"}, "mappings"=>{"_default_"=>{"_all"=>{"enabled"=>true, "norms"=>false}, "dynamic_templates"=>[{"message_field"=>{"path_match"=>"message", "match_mapping_type"=>"string", "mapping"=>{"type"=>"text", "norms"=>false}}}, {"string_fields"=>{"match"=>"*", "match_mapping_type"=>"string", "mapping"=>{"type"=>"text", "norms"=>false, "fields"=>{"keyword"=>{"type"=>"keyword"}}}}}], "properties"=>{"@timestamp"=>{"type"=>"date", "include_in_all"=>false}, "@version"=>{"type"=>"keyword", "include_in_all"=>false}, "geoip"=>{"dynamic"=>true, "properties"=>{"ip"=>{"type"=>"ip"}, "location"=>{"type"=>"geo_point"}, "latitude"=>{"type"=>"half_float"}, "longitude"=>{"type"=>"half_float"}}}}}}}}
[2017-01-11T15:12:31,448][INFO ][logstash.outputs.elasticsearch] New Elasticsearch output {:class=>"LogStash::Outputs::ElasticSearch", :hosts=>["localhost:9200"]}
[2017-01-11T15:12:31,507][INFO ][logstash.filters.geoip   ] Using geoip database {:path=>"/Users/ayushi/Downloads/logstash-5.0.2/vendor/bundle/jruby/1.9/gems/logstash-filter-geoip-4.0.3-java/vendor/GeoLite2-City.mmdb"}
[2017-01-11T15:12:31,526][INFO ][logstash.pipeline        ] Starting pipeline {"id"=>"main", "pipeline.workers"=>8, "pipeline.batch.size"=>125, "pipeline.batch.delay"=>5, "pipeline.max_inflight"=>1000}
[2017-01-11T15:12:31,529][INFO ][logstash.pipeline        ] Pipeline main started
[2017-01-11T15:12:31,566][INFO ][logstash.agent           ] Successfully started Logstash API endpoint {:port=>9600}
[2017-01-11T15:12:48,980][WARN ][logstash.runner          ] SIGINT received. Shutting down the agent.
[2017-01-11T15:12:48,987][WARN ][logstash.agent           ] stopping pipeline {:id=>"main"}
[2017-01-11T15:13:03,366][INFO ][logstash.outputs.elasticsearch] Elasticsearch pool URLs updated {:changes=>{:removed=>[], :added=>["http://~hidden~:~hidden~@localhost:9200"]}}
[2017-01-11T15:13:03,370][INFO ][logstash.outputs.elasticsearch] Using mapping template from {:path=>nil}
[2017-01-11T15:13:03,507][INFO ][logstash.outputs.elasticsearch] Attempting to install template {:manage_template=>{"template"=>"logstash-*", "version"=>50001, "settings"=>{"index.refresh_interval"=>"5s"}, "mappings"=>{"_default_"=>{"_all"=>{"enabled"=>true, "norms"=>false}, "dynamic_templates"=>[{"message_field"=>{"path_match"=>"message", "match_mapping_type"=>"string", "mapping"=>{"type"=>"text", "norms"=>false}}}, {"string_fields"=>{"match"=>"*", "match_mapping_type"=>"string", "mapping"=>{"type"=>"text", "norms"=>false, "fields"=>{"keyword"=>{"type"=>"keyword"}}}}}], "properties"=>{"@timestamp"=>{"type"=>"date", "include_in_all"=>false}, "@version"=>{"type"=>"keyword", "include_in_all"=>false}, "geoip"=>{"dynamic"=>true, "properties"=>{"ip"=>{"type"=>"ip"}, "location"=>{"type"=>"geo_point"}, "latitude"=>{"type"=>"half_float"}, "longitude"=>{"type"=>"half_float"}}}}}}}}
[2017-01-11T15:13:03,516][INFO ][logstash.outputs.elasticsearch] New Elasticsearch output {:class=>"LogStash::Outputs::ElasticSearch", :hosts=>["localhost:9200"]}
[2017-01-11T15:13:03,579][INFO ][logstash.filters.geoip   ] Using geoip database {:path=>"/Users/ayushi/Downloads/logstash-5.0.2/vendor/bundle/jruby/1.9/gems/logstash-filter-geoip-4.0.3-java/vendor/GeoLite2-City.mmdb"}
[2017-01-11T15:13:03,596][INFO ][logstash.pipeline        ] Starting pipeline {"id"=>"main", "pipeline.workers"=>8, "pipeline.batch.size"=>125, "pipeline.batch.delay"=>5, "pipeline.max_inflight"=>1000}
[2017-01-11T15:13:03,601][INFO ][logstash.pipeline        ] Pipeline main started
[2017-01-11T15:13:03,659][INFO ][logstash.agent           ] Successfully started Logstash API endpoint {:port=>9600}
[2017-01-11T16:08:30,434][WARN ][logstash.runner          ] SIGINT received. Shutting down the agent.
[2017-01-11T16:08:30,444][WARN ][logstash.agent           ] stopping pipeline {:id=>"main"}
[2017-01-11T16:08:45,404][ERROR][logstash.outputs.elasticsearch] Unknown setting 'manage-template' for elasticsearch
[2017-01-11T16:08:45,411][ERROR][logstash.agent           ] fetched an invalid config {:config=>"input {\n    file {\n        type => \"apache-access\"\n        path => \"/Users/ayushi/Downloads/logstash-5.0.2/apache-access.log\"\n        start_position => \"beginning\"\n    }\n}\n\nfilter {\n        grok {\n      match => [\n      \"message\" , \"%{COMBINEDAPACHELOG}+%{GREEDYDATA:extra_fields}\",\n      \"message\" , \"%{COMMONAPACHELOG}+%{GREEDYDATA:extra_fields}\"\n      ]\n      overwrite => [ \"message\" ]\n   }\n        geoip {\n      source => \"clientip\"\n      target => \"geoip\"\n      add_tag => [ \"apache-geoip\" ]\n   }\n        date {\n      match => [ \"timestamp\" , \"dd/MMM/YYYY:HH:mm:ss Z\" ]\n      remove_field => [ \"timestamp\" ]\n   }\n}\n\noutput {\n        elasticsearch {\n                hosts => \"localhost:9200\"\n\t\tmanage-template => true\n                user=> \"elastic\"\n                password=> \"changeme\"\n        }\n        stdout {\n                codec => rubydebug\n        }\n}\n\n", :reason=>"Something is wrong with your configuration."}
[2017-01-11T16:09:17,412][ERROR][logstash.outputs.elasticsearch] Unknown setting 'manage-template' for elasticsearch
[2017-01-11T16:09:17,418][ERROR][logstash.agent           ] fetched an invalid config {:config=>"input {\n    file {\n        type => \"apache-access\"\n        path => \"/Users/ayushi/Downloads/logstash-5.0.2/apache-access.log\"\n        start_position => \"beginning\"\n    }\n}\n\nfilter {\n        grok {\n      match => [\n      \"message\" , \"%{COMBINEDAPACHELOG}+%{GREEDYDATA:extra_fields}\",\n      \"message\" , \"%{COMMONAPACHELOG}+%{GREEDYDATA:extra_fields}\"\n      ]\n      overwrite => [ \"message\" ]\n   }\n        geoip {\n      source => \"clientip\"\n      target => \"geoip\"\n      add_tag => [ \"apache-geoip\" ]\n   }\n        date {\n      match => [ \"timestamp\" , \"dd/MMM/YYYY:HH:mm:ss Z\" ]\n      remove_field => [ \"timestamp\" ]\n   }\n}\n\noutput {\n        elasticsearch {\n                hosts => \"localhost:9200\"\n\t\tmanage-template => true\n                user=> \"elastic\"\n                password=> \"changeme\"\n        }\n        stdout {\n                codec => rubydebug\n        }\n}\n\n", :reason=>"Something is wrong with your configuration."}
[2017-01-11T16:09:39,540][ERROR][logstash.outputs.elasticsearch] Unknown setting 'manage-template' for elasticsearch
[2017-01-11T16:09:39,546][ERROR][logstash.agent           ] fetched an invalid config {:config=>"input {\n    file {\n        type => \"apache-access\"\n        path => \"/Users/ayushi/Downloads/logstash-5.0.2/apache-access.log\"\n        start_position => \"beginning\"\n    }\n}\n\nfilter {\n        grok {\n      match => [\n      \"message\" , \"%{COMBINEDAPACHELOG}+%{GREEDYDATA:extra_fields}\",\n      \"message\" , \"%{COMMONAPACHELOG}+%{GREEDYDATA:extra_fields}\"\n      ]\n      overwrite => [ \"message\" ]\n   }\n        geoip {\n      source => \"clientip\"\n      target => \"geoip\"\n      add_tag => [ \"apache-geoip\" ]\n   }\n        date {\n      match => [ \"timestamp\" , \"dd/MMM/YYYY:HH:mm:ss Z\" ]\n      remove_field => [ \"timestamp\" ]\n   }\n}\n\noutput {\n        elasticsearch {\n                hosts => \"localhost:9200\"\n\t\tmanage-template => true\n                user=> \"elastic\"\n                password=> \"changeme\"\n        }\n        stdout {\n                codec => rubydebug\n        }\n}\n\n", :reason=>"Something is wrong with your configuration."}
[2017-01-11T16:09:56,174][ERROR][logstash.outputs.elasticsearch] Unknown setting 'manage-template' for elasticsearch
[2017-01-11T16:09:56,182][ERROR][logstash.agent           ] fetched an invalid config {:config=>"input {\n    file {\n        type => \"apache-access\"\n        path => \"/Users/ayushi/Downloads/logstash-5.0.2/apache-access.log\"\n        start_position => \"beginning\"\n    }\n}\n\nfilter {\n        grok {\n      match => [\n      \"message\" , \"%{COMBINEDAPACHELOG}+%{GREEDYDATA:extra_fields}\",\n      \"message\" , \"%{COMMONAPACHELOG}+%{GREEDYDATA:extra_fields}\"\n      ]\n      overwrite => [ \"message\" ]\n   }\n        geoip {\n      source => \"clientip\"\n      target => \"geoip\"\n      add_tag => [ \"apache-geoip\" ]\n   }\n        date {\n      match => [ \"timestamp\" , \"dd/MMM/YYYY:HH:mm:ss Z\" ]\n      remove_field => [ \"timestamp\" ]\n   }\n}\n\noutput {\n        elasticsearch {\n                hosts => \"localhost:9200\"\n\t\tmanage-template => true\n                user=> \"elastic\"\n                password=> \"changeme\"\n        }\n        stdout {\n                codec => rubydebug\n        }\n}\n\n", :reason=>"Something is wrong with your configuration."}
[2017-01-11T16:15:55,629][INFO ][logstash.outputs.elasticsearch] Elasticsearch pool URLs updated {:changes=>{:removed=>[], :added=>["http://~hidden~:~hidden~@localhost:9200"]}}
[2017-01-11T16:15:55,633][INFO ][logstash.outputs.elasticsearch] Using mapping template from {:path=>nil}
[2017-01-11T16:15:55,793][INFO ][logstash.outputs.elasticsearch] Attempting to install template {:manage_template=>{"template"=>"logstash-*", "version"=>50001, "settings"=>{"index.refresh_interval"=>"5s"}, "mappings"=>{"_default_"=>{"_all"=>{"enabled"=>true, "norms"=>false}, "dynamic_templates"=>[{"message_field"=>{"path_match"=>"message", "match_mapping_type"=>"string", "mapping"=>{"type"=>"text", "norms"=>false}}}, {"string_fields"=>{"match"=>"*", "match_mapping_type"=>"string", "mapping"=>{"type"=>"text", "norms"=>false, "fields"=>{"keyword"=>{"type"=>"keyword"}}}}}], "properties"=>{"@timestamp"=>{"type"=>"date", "include_in_all"=>false}, "@version"=>{"type"=>"keyword", "include_in_all"=>false}, "geoip"=>{"dynamic"=>true, "properties"=>{"ip"=>{"type"=>"ip"}, "location"=>{"type"=>"geo_point"}, "latitude"=>{"type"=>"half_float"}, "longitude"=>{"type"=>"half_float"}}}}}}}}
[2017-01-11T16:15:55,801][INFO ][logstash.outputs.elasticsearch] New Elasticsearch output {:class=>"LogStash::Outputs::ElasticSearch", :hosts=>["localhost:9200"]}
[2017-01-11T16:15:55,871][INFO ][logstash.filters.geoip   ] Using geoip database {:path=>"/Users/ayushi/Downloads/logstash-5.0.2/vendor/bundle/jruby/1.9/gems/logstash-filter-geoip-4.0.3-java/vendor/GeoLite2-City.mmdb"}
[2017-01-11T16:15:55,893][INFO ][logstash.pipeline        ] Starting pipeline {"id"=>"main", "pipeline.workers"=>8, "pipeline.batch.size"=>125, "pipeline.batch.delay"=>5, "pipeline.max_inflight"=>1000}
[2017-01-11T16:15:55,898][INFO ][logstash.pipeline        ] Pipeline main started
[2017-01-11T16:15:55,948][INFO ][logstash.agent           ] Successfully started Logstash API endpoint {:port=>9600}
[2017-01-11T16:21:03,241][WARN ][logstash.runner          ] SIGINT received. Shutting down the agent.
[2017-01-11T16:21:03,248][WARN ][logstash.agent           ] stopping pipeline {:id=>"main"}
[2017-01-11T16:21:55,457][INFO ][logstash.outputs.elasticsearch] Elasticsearch pool URLs updated {:changes=>{:removed=>[], :added=>["http://~hidden~:~hidden~@localhost:9200"]}}
[2017-01-11T16:21:55,460][INFO ][logstash.outputs.elasticsearch] Using mapping template from {:path=>nil}
[2017-01-11T16:21:55,596][INFO ][logstash.outputs.elasticsearch] Attempting to install template {:manage_template=>{"template"=>"logstash-*", "version"=>50001, "settings"=>{"index.refresh_interval"=>"5s"}, "mappings"=>{"_default_"=>{"_all"=>{"enabled"=>true, "norms"=>false}, "dynamic_templates"=>[{"message_field"=>{"path_match"=>"message", "match_mapping_type"=>"string", "mapping"=>{"type"=>"text", "norms"=>false}}}, {"string_fields"=>{"match"=>"*", "match_mapping_type"=>"string", "mapping"=>{"type"=>"text", "norms"=>false, "fields"=>{"keyword"=>{"type"=>"keyword"}}}}}], "properties"=>{"@timestamp"=>{"type"=>"date", "include_in_all"=>false}, "@version"=>{"type"=>"keyword", "include_in_all"=>false}, "geoip"=>{"dynamic"=>true, "properties"=>{"ip"=>{"type"=>"ip"}, "location"=>{"type"=>"geo_point"}, "latitude"=>{"type"=>"half_float"}, "longitude"=>{"type"=>"half_float"}}}}}}}}
[2017-01-11T16:21:55,603][INFO ][logstash.outputs.elasticsearch] New Elasticsearch output {:class=>"LogStash::Outputs::ElasticSearch", :hosts=>["localhost:9200"]}
[2017-01-11T16:21:55,609][INFO ][logstash.pipeline        ] Starting pipeline {"id"=>"main", "pipeline.workers"=>8, "pipeline.batch.size"=>125, "pipeline.batch.delay"=>5, "pipeline.max_inflight"=>1000}
[2017-01-11T16:21:55,613][INFO ][logstash.pipeline        ] Pipeline main started
[2017-01-11T16:21:55,650][INFO ][logstash.agent           ] Successfully started Logstash API endpoint {:port=>9600}
[2017-01-11T16:23:50,513][WARN ][logstash.runner          ] SIGINT received. Shutting down the agent.
[2017-01-11T16:23:50,522][WARN ][logstash.agent           ] stopping pipeline {:id=>"main"}
[2017-01-11T16:23:59,079][INFO ][logstash.outputs.elasticsearch] Elasticsearch pool URLs updated {:changes=>{:removed=>[], :added=>["http://~hidden~:~hidden~@localhost:9200"]}}
[2017-01-11T16:23:59,082][INFO ][logstash.outputs.elasticsearch] Using mapping template from {:path=>nil}
[2017-01-11T16:23:59,216][INFO ][logstash.outputs.elasticsearch] Attempting to install template {:manage_template=>{"template"=>"logstash-*", "version"=>50001, "settings"=>{"index.refresh_interval"=>"5s"}, "mappings"=>{"_default_"=>{"_all"=>{"enabled"=>true, "norms"=>false}, "dynamic_templates"=>[{"message_field"=>{"path_match"=>"message", "match_mapping_type"=>"string", "mapping"=>{"type"=>"text", "norms"=>false}}}, {"string_fields"=>{"match"=>"*", "match_mapping_type"=>"string", "mapping"=>{"type"=>"text", "norms"=>false, "fields"=>{"keyword"=>{"type"=>"keyword"}}}}}], "properties"=>{"@timestamp"=>{"type"=>"date", "include_in_all"=>false}, "@version"=>{"type"=>"keyword", "include_in_all"=>false}, "geoip"=>{"dynamic"=>true, "properties"=>{"ip"=>{"type"=>"ip"}, "location"=>{"type"=>"geo_point"}, "latitude"=>{"type"=>"half_float"}, "longitude"=>{"type"=>"half_float"}}}}}}}}
[2017-01-11T16:23:59,223][INFO ][logstash.outputs.elasticsearch] New Elasticsearch output {:class=>"LogStash::Outputs::ElasticSearch", :hosts=>["localhost:9200"]}
[2017-01-11T16:23:59,224][INFO ][logstash.filters.geoip   ] Using geoip database {:path=>"/Users/ayushi/Downloads/logstash-5.0.2/vendor/bundle/jruby/1.9/gems/logstash-filter-geoip-4.0.3-java/vendor/GeoLite2-City.mmdb"}
[2017-01-11T16:23:59,241][INFO ][logstash.pipeline        ] Starting pipeline {"id"=>"main", "pipeline.workers"=>8, "pipeline.batch.size"=>125, "pipeline.batch.delay"=>5, "pipeline.max_inflight"=>1000}
[2017-01-11T16:23:59,262][INFO ][logstash.pipeline        ] Pipeline main started
[2017-01-11T16:23:59,312][INFO ][logstash.agent           ] Successfully started Logstash API endpoint {:port=>9600}
[2017-01-11T16:24:06,137][WARN ][logstash.runner          ] SIGINT received. Shutting down the agent.
[2017-01-11T16:24:06,144][WARN ][logstash.agent           ] stopping pipeline {:id=>"main"}
[2017-01-11T16:24:29,428][INFO ][logstash.outputs.elasticsearch] Elasticsearch pool URLs updated {:changes=>{:removed=>[], :added=>["http://~hidden~:~hidden~@localhost:9200"]}}
[2017-01-11T16:24:29,432][INFO ][logstash.outputs.elasticsearch] Using mapping template from {:path=>nil}
[2017-01-11T16:24:29,559][INFO ][logstash.outputs.elasticsearch] Attempting to install template {:manage_template=>{"template"=>"logstash-*", "version"=>50001, "settings"=>{"index.refresh_interval"=>"5s"}, "mappings"=>{"_default_"=>{"_all"=>{"enabled"=>true, "norms"=>false}, "dynamic_templates"=>[{"message_field"=>{"path_match"=>"message", "match_mapping_type"=>"string", "mapping"=>{"type"=>"text", "norms"=>false}}}, {"string_fields"=>{"match"=>"*", "match_mapping_type"=>"string", "mapping"=>{"type"=>"text", "norms"=>false, "fields"=>{"keyword"=>{"type"=>"keyword"}}}}}], "properties"=>{"@timestamp"=>{"type"=>"date", "include_in_all"=>false}, "@version"=>{"type"=>"keyword", "include_in_all"=>false}, "geoip"=>{"dynamic"=>true, "properties"=>{"ip"=>{"type"=>"ip"}, "location"=>{"type"=>"geo_point"}, "latitude"=>{"type"=>"half_float"}, "longitude"=>{"type"=>"half_float"}}}}}}}}
[2017-01-11T16:24:29,565][INFO ][logstash.outputs.elasticsearch] New Elasticsearch output {:class=>"LogStash::Outputs::ElasticSearch", :hosts=>["localhost:9200"]}
[2017-01-11T16:24:29,566][INFO ][logstash.filters.geoip   ] Using geoip database {:path=>"/Users/ayushi/Downloads/logstash-5.0.2/vendor/bundle/jruby/1.9/gems/logstash-filter-geoip-4.0.3-java/vendor/GeoLite2-City.mmdb"}
[2017-01-11T16:24:29,585][INFO ][logstash.pipeline        ] Starting pipeline {"id"=>"main", "pipeline.workers"=>8, "pipeline.batch.size"=>125, "pipeline.batch.delay"=>5, "pipeline.max_inflight"=>1000}
[2017-01-11T16:24:29,588][INFO ][logstash.pipeline        ] Pipeline main started
[2017-01-11T16:24:29,626][INFO ][logstash.agent           ] Successfully started Logstash API endpoint {:port=>9600}
[2017-01-11T16:26:14,298][WARN ][logstash.runner          ] SIGINT received. Shutting down the agent.
[2017-01-11T16:26:14,306][WARN ][logstash.agent           ] stopping pipeline {:id=>"main"}
[2017-01-11T16:26:56,213][INFO ][logstash.outputs.elasticsearch] Elasticsearch pool URLs updated {:changes=>{:removed=>[], :added=>["http://~hidden~:~hidden~@localhost:9200"]}}
[2017-01-11T16:26:56,216][INFO ][logstash.outputs.elasticsearch] Using mapping template from {:path=>nil}
[2017-01-11T16:26:56,347][INFO ][logstash.outputs.elasticsearch] Attempting to install template {:manage_template=>{"template"=>"logstash-*", "version"=>50001, "settings"=>{"index.refresh_interval"=>"5s"}, "mappings"=>{"_default_"=>{"_all"=>{"enabled"=>true, "norms"=>false}, "dynamic_templates"=>[{"message_field"=>{"path_match"=>"message", "match_mapping_type"=>"string", "mapping"=>{"type"=>"text", "norms"=>false}}}, {"string_fields"=>{"match"=>"*", "match_mapping_type"=>"string", "mapping"=>{"type"=>"text", "norms"=>false, "fields"=>{"keyword"=>{"type"=>"keyword"}}}}}], "properties"=>{"@timestamp"=>{"type"=>"date", "include_in_all"=>false}, "@version"=>{"type"=>"keyword", "include_in_all"=>false}, "geoip"=>{"dynamic"=>true, "properties"=>{"ip"=>{"type"=>"ip"}, "location"=>{"type"=>"geo_point"}, "latitude"=>{"type"=>"half_float"}, "longitude"=>{"type"=>"half_float"}}}}}}}}
[2017-01-11T16:26:56,353][INFO ][logstash.outputs.elasticsearch] New Elasticsearch output {:class=>"LogStash::Outputs::ElasticSearch", :hosts=>["localhost:9200"]}
[2017-01-11T16:26:56,451][INFO ][logstash.filters.geoip   ] Using geoip database {:path=>"/Users/ayushi/Downloads/logstash-5.0.2/vendor/bundle/jruby/1.9/gems/logstash-filter-geoip-4.0.3-java/vendor/GeoLite2-City.mmdb"}
[2017-01-11T16:26:56,472][INFO ][logstash.pipeline        ] Starting pipeline {"id"=>"main", "pipeline.workers"=>8, "pipeline.batch.size"=>125, "pipeline.batch.delay"=>5, "pipeline.max_inflight"=>1000}
[2017-01-11T16:26:56,476][INFO ][logstash.pipeline        ] Pipeline main started
[2017-01-11T16:26:56,532][INFO ][logstash.agent           ] Successfully started Logstash API endpoint {:port=>9600}
[2017-01-11T16:27:06,895][WARN ][logstash.runner          ] SIGINT received. Shutting down the agent.
[2017-01-11T16:27:06,902][WARN ][logstash.agent           ] stopping pipeline {:id=>"main"}
[2017-01-11T16:27:16,793][INFO ][logstash.outputs.elasticsearch] Elasticsearch pool URLs updated {:changes=>{:removed=>[], :added=>["http://~hidden~:~hidden~@localhost:9200"]}}
[2017-01-11T16:27:16,796][INFO ][logstash.outputs.elasticsearch] Using mapping template from {:path=>nil}
[2017-01-11T16:27:16,925][INFO ][logstash.outputs.elasticsearch] Attempting to install template {:manage_template=>{"template"=>"logstash-*", "version"=>50001, "settings"=>{"index.refresh_interval"=>"5s"}, "mappings"=>{"_default_"=>{"_all"=>{"enabled"=>true, "norms"=>false}, "dynamic_templates"=>[{"message_field"=>{"path_match"=>"message", "match_mapping_type"=>"string", "mapping"=>{"type"=>"text", "norms"=>false}}}, {"string_fields"=>{"match"=>"*", "match_mapping_type"=>"string", "mapping"=>{"type"=>"text", "norms"=>false, "fields"=>{"keyword"=>{"type"=>"keyword"}}}}}], "properties"=>{"@timestamp"=>{"type"=>"date", "include_in_all"=>false}, "@version"=>{"type"=>"keyword", "include_in_all"=>false}, "geoip"=>{"dynamic"=>true, "properties"=>{"ip"=>{"type"=>"ip"}, "location"=>{"type"=>"geo_point"}, "latitude"=>{"type"=>"half_float"}, "longitude"=>{"type"=>"half_float"}}}}}}}}
[2017-01-11T16:27:16,933][INFO ][logstash.outputs.elasticsearch] New Elasticsearch output {:class=>"LogStash::Outputs::ElasticSearch", :hosts=>["localhost:9200"]}
[2017-01-11T16:27:16,991][INFO ][logstash.filters.geoip   ] Using geoip database {:path=>"/Users/ayushi/Downloads/logstash-5.0.2/vendor/bundle/jruby/1.9/gems/logstash-filter-geoip-4.0.3-java/vendor/GeoLite2-City.mmdb"}
[2017-01-11T16:27:17,012][INFO ][logstash.pipeline        ] Starting pipeline {"id"=>"main", "pipeline.workers"=>8, "pipeline.batch.size"=>125, "pipeline.batch.delay"=>5, "pipeline.max_inflight"=>1000}
[2017-01-11T16:27:17,017][INFO ][logstash.pipeline        ] Pipeline main started
[2017-01-11T16:27:17,077][INFO ][logstash.agent           ] Successfully started Logstash API endpoint {:port=>9600}
[2017-01-11T16:27:25,311][WARN ][logstash.runner          ] SIGINT received. Shutting down the agent.
[2017-01-11T16:27:25,318][WARN ][logstash.agent           ] stopping pipeline {:id=>"main"}
[2017-01-11T16:27:41,160][INFO ][logstash.outputs.elasticsearch] Elasticsearch pool URLs updated {:changes=>{:removed=>[], :added=>["http://~hidden~:~hidden~@localhost:9200"]}}
[2017-01-11T16:27:41,164][INFO ][logstash.outputs.elasticsearch] Using mapping template from {:path=>nil}
[2017-01-11T16:27:41,292][INFO ][logstash.outputs.elasticsearch] Attempting to install template {:manage_template=>{"template"=>"logstash-*", "version"=>50001, "settings"=>{"index.refresh_interval"=>"5s"}, "mappings"=>{"_default_"=>{"_all"=>{"enabled"=>true, "norms"=>false}, "dynamic_templates"=>[{"message_field"=>{"path_match"=>"message", "match_mapping_type"=>"string", "mapping"=>{"type"=>"text", "norms"=>false}}}, {"string_fields"=>{"match"=>"*", "match_mapping_type"=>"string", "mapping"=>{"type"=>"text", "norms"=>false, "fields"=>{"keyword"=>{"type"=>"keyword"}}}}}], "properties"=>{"@timestamp"=>{"type"=>"date", "include_in_all"=>false}, "@version"=>{"type"=>"keyword", "include_in_all"=>false}, "geoip"=>{"dynamic"=>true, "properties"=>{"ip"=>{"type"=>"ip"}, "location"=>{"type"=>"geo_point"}, "latitude"=>{"type"=>"half_float"}, "longitude"=>{"type"=>"half_float"}}}}}}}}
[2017-01-11T16:27:41,298][INFO ][logstash.outputs.elasticsearch] New Elasticsearch output {:class=>"LogStash::Outputs::ElasticSearch", :hosts=>["localhost:9200"]}
[2017-01-11T16:27:41,368][INFO ][logstash.filters.geoip   ] Using geoip database {:path=>"/Users/ayushi/Downloads/logstash-5.0.2/vendor/bundle/jruby/1.9/gems/logstash-filter-geoip-4.0.3-java/vendor/GeoLite2-City.mmdb"}
[2017-01-11T16:27:41,388][INFO ][logstash.pipeline        ] Starting pipeline {"id"=>"main", "pipeline.workers"=>8, "pipeline.batch.size"=>125, "pipeline.batch.delay"=>5, "pipeline.max_inflight"=>1000}
[2017-01-11T16:27:41,396][INFO ][logstash.pipeline        ] Pipeline main started
[2017-01-11T16:27:41,494][INFO ][logstash.agent           ] Successfully started Logstash API endpoint {:port=>9600}
[2017-01-11T18:34:10,962][WARN ][logstash.runner          ] SIGINT received. Shutting down the agent.
[2017-01-11T18:34:10,969][WARN ][logstash.agent           ] stopping pipeline {:id=>"main"}
[2017-01-11T18:35:29,765][INFO ][logstash.outputs.elasticsearch] Elasticsearch pool URLs updated {:changes=>{:removed=>[], :added=>["http://~hidden~:~hidden~@localhost:9200"]}}
[2017-01-11T18:35:29,769][INFO ][logstash.outputs.elasticsearch] Using mapping template from {:path=>nil}
[2017-01-11T18:35:29,895][INFO ][logstash.outputs.elasticsearch] Attempting to install template {:manage_template=>{"template"=>"logstash-*", "version"=>50001, "settings"=>{"index.refresh_interval"=>"5s"}, "mappings"=>{"_default_"=>{"_all"=>{"enabled"=>true, "norms"=>false}, "dynamic_templates"=>[{"message_field"=>{"path_match"=>"message", "match_mapping_type"=>"string", "mapping"=>{"type"=>"text", "norms"=>false}}}, {"string_fields"=>{"match"=>"*", "match_mapping_type"=>"string", "mapping"=>{"type"=>"text", "norms"=>false, "fields"=>{"keyword"=>{"type"=>"keyword"}}}}}], "properties"=>{"@timestamp"=>{"type"=>"date", "include_in_all"=>false}, "@version"=>{"type"=>"keyword", "include_in_all"=>false}, "geoip"=>{"dynamic"=>true, "properties"=>{"ip"=>{"type"=>"ip"}, "location"=>{"type"=>"geo_point"}, "latitude"=>{"type"=>"half_float"}, "longitude"=>{"type"=>"half_float"}}}}}}}}
[2017-01-11T18:35:29,903][INFO ][logstash.outputs.elasticsearch] New Elasticsearch output {:class=>"LogStash::Outputs::ElasticSearch", :hosts=>["localhost:9200"]}
[2017-01-11T18:35:29,971][INFO ][logstash.pipeline        ] Starting pipeline {"id"=>"main", "pipeline.workers"=>8, "pipeline.batch.size"=>125, "pipeline.batch.delay"=>5, "pipeline.max_inflight"=>1000}
[2017-01-11T18:35:29,974][INFO ][logstash.pipeline        ] Pipeline main started
[2017-01-11T18:35:30,010][INFO ][logstash.agent           ] Successfully started Logstash API endpoint {:port=>9600}
[2017-01-11T18:37:43,385][WARN ][logstash.runner          ] SIGINT received. Shutting down the agent.
[2017-01-11T18:37:43,395][WARN ][logstash.agent           ] stopping pipeline {:id=>"main"}
[2017-01-11T18:37:54,873][INFO ][logstash.outputs.elasticsearch] Elasticsearch pool URLs updated {:changes=>{:removed=>[], :added=>["http://~hidden~:~hidden~@localhost:9200"]}}
[2017-01-11T18:37:54,877][INFO ][logstash.outputs.elasticsearch] Using mapping template from {:path=>nil}
[2017-01-11T18:37:55,008][INFO ][logstash.outputs.elasticsearch] Attempting to install template {:manage_template=>{"template"=>"logstash-*", "version"=>50001, "settings"=>{"index.refresh_interval"=>"5s"}, "mappings"=>{"_default_"=>{"_all"=>{"enabled"=>true, "norms"=>false}, "dynamic_templates"=>[{"message_field"=>{"path_match"=>"message", "match_mapping_type"=>"string", "mapping"=>{"type"=>"text", "norms"=>false}}}, {"string_fields"=>{"match"=>"*", "match_mapping_type"=>"string", "mapping"=>{"type"=>"text", "norms"=>false, "fields"=>{"keyword"=>{"type"=>"keyword"}}}}}], "properties"=>{"@timestamp"=>{"type"=>"date", "include_in_all"=>false}, "@version"=>{"type"=>"keyword", "include_in_all"=>false}, "geoip"=>{"dynamic"=>true, "properties"=>{"ip"=>{"type"=>"ip"}, "location"=>{"type"=>"geo_point"}, "latitude"=>{"type"=>"half_float"}, "longitude"=>{"type"=>"half_float"}}}}}}}}
[2017-01-11T18:37:55,016][INFO ][logstash.outputs.elasticsearch] New Elasticsearch output {:class=>"LogStash::Outputs::ElasticSearch", :hosts=>["localhost:9200"]}
[2017-01-11T18:37:55,024][INFO ][logstash.pipeline        ] Starting pipeline {"id"=>"main", "pipeline.workers"=>8, "pipeline.batch.size"=>125, "pipeline.batch.delay"=>5, "pipeline.max_inflight"=>1000}
[2017-01-11T18:37:55,028][INFO ][logstash.pipeline        ] Pipeline main started
[2017-01-11T18:37:55,066][INFO ][logstash.agent           ] Successfully started Logstash API endpoint {:port=>9600}
[2017-01-11T18:39:14,591][WARN ][logstash.runner          ] SIGINT received. Shutting down the agent.
[2017-01-11T18:39:14,600][WARN ][logstash.agent           ] stopping pipeline {:id=>"main"}
[2017-01-11T18:39:27,483][INFO ][logstash.outputs.elasticsearch] Elasticsearch pool URLs updated {:changes=>{:removed=>[], :added=>["http://~hidden~:~hidden~@localhost:9200"]}}
[2017-01-11T18:39:27,486][INFO ][logstash.outputs.elasticsearch] Using mapping template from {:path=>nil}
[2017-01-11T18:39:27,608][INFO ][logstash.outputs.elasticsearch] Attempting to install template {:manage_template=>{"template"=>"logstash-*", "version"=>50001, "settings"=>{"index.refresh_interval"=>"5s"}, "mappings"=>{"_default_"=>{"_all"=>{"enabled"=>true, "norms"=>false}, "dynamic_templates"=>[{"message_field"=>{"path_match"=>"message", "match_mapping_type"=>"string", "mapping"=>{"type"=>"text", "norms"=>false}}}, {"string_fields"=>{"match"=>"*", "match_mapping_type"=>"string", "mapping"=>{"type"=>"text", "norms"=>false, "fields"=>{"keyword"=>{"type"=>"keyword"}}}}}], "properties"=>{"@timestamp"=>{"type"=>"date", "include_in_all"=>false}, "@version"=>{"type"=>"keyword", "include_in_all"=>false}, "geoip"=>{"dynamic"=>true, "properties"=>{"ip"=>{"type"=>"ip"}, "location"=>{"type"=>"geo_point"}, "latitude"=>{"type"=>"half_float"}, "longitude"=>{"type"=>"half_float"}}}}}}}}
[2017-01-11T18:39:27,614][INFO ][logstash.outputs.elasticsearch] New Elasticsearch output {:class=>"LogStash::Outputs::ElasticSearch", :hosts=>["localhost:9200"]}
[2017-01-11T18:39:27,615][INFO ][logstash.filters.geoip   ] Using geoip database {:path=>"/Users/ayushi/Downloads/logstash-5.0.2/vendor/bundle/jruby/1.9/gems/logstash-filter-geoip-4.0.3-java/vendor/GeoLite2-City.mmdb"}
[2017-01-11T18:39:27,633][INFO ][logstash.pipeline        ] Starting pipeline {"id"=>"main", "pipeline.workers"=>8, "pipeline.batch.size"=>125, "pipeline.batch.delay"=>5, "pipeline.max_inflight"=>1000}
[2017-01-11T18:39:27,636][INFO ][logstash.pipeline        ] Pipeline main started
[2017-01-11T18:39:27,668][INFO ][logstash.agent           ] Successfully started Logstash API endpoint {:port=>9600}
[2017-01-11T18:44:21,489][WARN ][logstash.runner          ] SIGINT received. Shutting down the agent.
[2017-01-11T18:44:21,496][WARN ][logstash.agent           ] stopping pipeline {:id=>"main"}
[2017-01-11T18:44:35,005][INFO ][logstash.outputs.elasticsearch] Elasticsearch pool URLs updated {:changes=>{:removed=>[], :added=>["http://~hidden~:~hidden~@localhost:9200"]}}
[2017-01-11T18:44:35,009][INFO ][logstash.outputs.elasticsearch] Using mapping template from {:path=>nil}
[2017-01-11T18:44:35,144][INFO ][logstash.outputs.elasticsearch] Attempting to install template {:manage_template=>{"template"=>"logstash-*", "version"=>50001, "settings"=>{"index.refresh_interval"=>"5s"}, "mappings"=>{"_default_"=>{"_all"=>{"enabled"=>true, "norms"=>false}, "dynamic_templates"=>[{"message_field"=>{"path_match"=>"message", "match_mapping_type"=>"string", "mapping"=>{"type"=>"text", "norms"=>false}}}, {"string_fields"=>{"match"=>"*", "match_mapping_type"=>"string", "mapping"=>{"type"=>"text", "norms"=>false, "fields"=>{"keyword"=>{"type"=>"keyword"}}}}}], "properties"=>{"@timestamp"=>{"type"=>"date", "include_in_all"=>false}, "@version"=>{"type"=>"keyword", "include_in_all"=>false}, "geoip"=>{"dynamic"=>true, "properties"=>{"ip"=>{"type"=>"ip"}, "location"=>{"type"=>"geo_point"}, "latitude"=>{"type"=>"half_float"}, "longitude"=>{"type"=>"half_float"}}}}}}}}
[2017-01-11T18:44:35,151][INFO ][logstash.outputs.elasticsearch] New Elasticsearch output {:class=>"LogStash::Outputs::ElasticSearch", :hosts=>["localhost:9200"]}
[2017-01-11T18:44:35,218][INFO ][logstash.pipeline        ] Starting pipeline {"id"=>"main", "pipeline.workers"=>8, "pipeline.batch.size"=>125, "pipeline.batch.delay"=>5, "pipeline.max_inflight"=>1000}
[2017-01-11T18:44:35,222][INFO ][logstash.pipeline        ] Pipeline main started
[2017-01-11T18:44:35,259][INFO ][logstash.agent           ] Successfully started Logstash API endpoint {:port=>9600}
[2017-01-11T18:48:22,479][WARN ][logstash.runner          ] SIGINT received. Shutting down the agent.
[2017-01-11T18:48:22,486][WARN ][logstash.agent           ] stopping pipeline {:id=>"main"}
[2017-01-11T18:48:36,250][INFO ][logstash.outputs.elasticsearch] Elasticsearch pool URLs updated {:changes=>{:removed=>[], :added=>["http://~hidden~:~hidden~@localhost:9200"]}}
[2017-01-11T18:48:36,253][INFO ][logstash.outputs.elasticsearch] Using mapping template from {:path=>nil}
[2017-01-11T18:48:36,389][INFO ][logstash.outputs.elasticsearch] Attempting to install template {:manage_template=>{"template"=>"logstash-*", "version"=>50001, "settings"=>{"index.refresh_interval"=>"5s"}, "mappings"=>{"_default_"=>{"_all"=>{"enabled"=>true, "norms"=>false}, "dynamic_templates"=>[{"message_field"=>{"path_match"=>"message", "match_mapping_type"=>"string", "mapping"=>{"type"=>"text", "norms"=>false}}}, {"string_fields"=>{"match"=>"*", "match_mapping_type"=>"string", "mapping"=>{"type"=>"text", "norms"=>false, "fields"=>{"keyword"=>{"type"=>"keyword"}}}}}], "properties"=>{"@timestamp"=>{"type"=>"date", "include_in_all"=>false}, "@version"=>{"type"=>"keyword", "include_in_all"=>false}, "geoip"=>{"dynamic"=>true, "properties"=>{"ip"=>{"type"=>"ip"}, "location"=>{"type"=>"geo_point"}, "latitude"=>{"type"=>"half_float"}, "longitude"=>{"type"=>"half_float"}}}}}}}}
[2017-01-11T18:48:36,397][INFO ][logstash.outputs.elasticsearch] New Elasticsearch output {:class=>"LogStash::Outputs::ElasticSearch", :hosts=>["localhost:9200"]}
[2017-01-11T18:48:36,471][INFO ][logstash.pipeline        ] Starting pipeline {"id"=>"main", "pipeline.workers"=>8, "pipeline.batch.size"=>125, "pipeline.batch.delay"=>5, "pipeline.max_inflight"=>1000}
[2017-01-11T18:48:36,474][INFO ][logstash.pipeline        ] Pipeline main started
[2017-01-11T18:48:36,511][INFO ][logstash.agent           ] Successfully started Logstash API endpoint {:port=>9600}
[2017-01-11T18:49:40,349][WARN ][logstash.runner          ] SIGINT received. Shutting down the agent.
[2017-01-11T18:49:40,356][WARN ][logstash.agent           ] stopping pipeline {:id=>"main"}
[2017-01-11T18:49:48,909][INFO ][logstash.outputs.elasticsearch] Elasticsearch pool URLs updated {:changes=>{:removed=>[], :added=>["http://~hidden~:~hidden~@localhost:9200"]}}
[2017-01-11T18:49:48,912][INFO ][logstash.outputs.elasticsearch] Using mapping template from {:path=>nil}
[2017-01-11T18:49:49,044][INFO ][logstash.outputs.elasticsearch] Attempting to install template {:manage_template=>{"template"=>"logstash-*", "version"=>50001, "settings"=>{"index.refresh_interval"=>"5s"}, "mappings"=>{"_default_"=>{"_all"=>{"enabled"=>true, "norms"=>false}, "dynamic_templates"=>[{"message_field"=>{"path_match"=>"message", "match_mapping_type"=>"string", "mapping"=>{"type"=>"text", "norms"=>false}}}, {"string_fields"=>{"match"=>"*", "match_mapping_type"=>"string", "mapping"=>{"type"=>"text", "norms"=>false, "fields"=>{"keyword"=>{"type"=>"keyword"}}}}}], "properties"=>{"@timestamp"=>{"type"=>"date", "include_in_all"=>false}, "@version"=>{"type"=>"keyword", "include_in_all"=>false}, "geoip"=>{"dynamic"=>true, "properties"=>{"ip"=>{"type"=>"ip"}, "location"=>{"type"=>"geo_point"}, "latitude"=>{"type"=>"half_float"}, "longitude"=>{"type"=>"half_float"}}}}}}}}
[2017-01-11T18:49:49,052][INFO ][logstash.outputs.elasticsearch] New Elasticsearch output {:class=>"LogStash::Outputs::ElasticSearch", :hosts=>["localhost:9200"]}
[2017-01-11T18:49:49,106][INFO ][logstash.pipeline        ] Starting pipeline {"id"=>"main", "pipeline.workers"=>8, "pipeline.batch.size"=>125, "pipeline.batch.delay"=>5, "pipeline.max_inflight"=>1000}
[2017-01-11T18:49:49,108][INFO ][logstash.pipeline        ] Pipeline main started
[2017-01-11T18:49:49,143][INFO ][logstash.agent           ] Successfully started Logstash API endpoint {:port=>9600}
[2017-01-11T18:49:56,092][WARN ][logstash.runner          ] SIGINT received. Shutting down the agent.
[2017-01-11T18:49:56,100][WARN ][logstash.agent           ] stopping pipeline {:id=>"main"}
[2017-01-11T18:50:12,007][INFO ][logstash.outputs.elasticsearch] Elasticsearch pool URLs updated {:changes=>{:removed=>[], :added=>["http://~hidden~:~hidden~@localhost:9200"]}}
[2017-01-11T18:50:12,010][INFO ][logstash.outputs.elasticsearch] Using mapping template from {:path=>nil}
[2017-01-11T18:50:12,138][INFO ][logstash.outputs.elasticsearch] Attempting to install template {:manage_template=>{"template"=>"logstash-*", "version"=>50001, "settings"=>{"index.refresh_interval"=>"5s"}, "mappings"=>{"_default_"=>{"_all"=>{"enabled"=>true, "norms"=>false}, "dynamic_templates"=>[{"message_field"=>{"path_match"=>"message", "match_mapping_type"=>"string", "mapping"=>{"type"=>"text", "norms"=>false}}}, {"string_fields"=>{"match"=>"*", "match_mapping_type"=>"string", "mapping"=>{"type"=>"text", "norms"=>false, "fields"=>{"keyword"=>{"type"=>"keyword"}}}}}], "properties"=>{"@timestamp"=>{"type"=>"date", "include_in_all"=>false}, "@version"=>{"type"=>"keyword", "include_in_all"=>false}, "geoip"=>{"dynamic"=>true, "properties"=>{"ip"=>{"type"=>"ip"}, "location"=>{"type"=>"geo_point"}, "latitude"=>{"type"=>"half_float"}, "longitude"=>{"type"=>"half_float"}}}}}}}}
[2017-01-11T18:50:12,145][INFO ][logstash.outputs.elasticsearch] New Elasticsearch output {:class=>"LogStash::Outputs::ElasticSearch", :hosts=>["localhost:9200"]}
[2017-01-11T18:50:12,205][INFO ][logstash.pipeline        ] Starting pipeline {"id"=>"main", "pipeline.workers"=>8, "pipeline.batch.size"=>125, "pipeline.batch.delay"=>5, "pipeline.max_inflight"=>1000}
[2017-01-11T18:50:12,209][INFO ][logstash.pipeline        ] Pipeline main started
[2017-01-11T18:50:12,242][INFO ][logstash.agent           ] Successfully started Logstash API endpoint {:port=>9600}
[2017-01-11T18:52:20,558][WARN ][logstash.runner          ] SIGINT received. Shutting down the agent.
[2017-01-11T18:52:20,564][WARN ][logstash.agent           ] stopping pipeline {:id=>"main"}
[2017-01-11T18:52:34,606][INFO ][logstash.outputs.elasticsearch] Elasticsearch pool URLs updated {:changes=>{:removed=>[], :added=>["http://~hidden~:~hidden~@localhost:9200"]}}
[2017-01-11T18:52:34,611][INFO ][logstash.outputs.elasticsearch] Using mapping template from {:path=>nil}
[2017-01-11T18:52:34,745][INFO ][logstash.outputs.elasticsearch] Attempting to install template {:manage_template=>{"template"=>"logstash-*", "version"=>50001, "settings"=>{"index.refresh_interval"=>"5s"}, "mappings"=>{"_default_"=>{"_all"=>{"enabled"=>true, "norms"=>false}, "dynamic_templates"=>[{"message_field"=>{"path_match"=>"message", "match_mapping_type"=>"string", "mapping"=>{"type"=>"text", "norms"=>false}}}, {"string_fields"=>{"match"=>"*", "match_mapping_type"=>"string", "mapping"=>{"type"=>"text", "norms"=>false, "fields"=>{"keyword"=>{"type"=>"keyword"}}}}}], "properties"=>{"@timestamp"=>{"type"=>"date", "include_in_all"=>false}, "@version"=>{"type"=>"keyword", "include_in_all"=>false}, "geoip"=>{"dynamic"=>true, "properties"=>{"ip"=>{"type"=>"ip"}, "location"=>{"type"=>"geo_point"}, "latitude"=>{"type"=>"half_float"}, "longitude"=>{"type"=>"half_float"}}}}}}}}
[2017-01-11T18:52:34,751][INFO ][logstash.outputs.elasticsearch] New Elasticsearch output {:class=>"LogStash::Outputs::ElasticSearch", :hosts=>["localhost:9200"]}
[2017-01-11T18:52:34,821][INFO ][logstash.pipeline        ] Starting pipeline {"id"=>"main", "pipeline.workers"=>8, "pipeline.batch.size"=>125, "pipeline.batch.delay"=>5, "pipeline.max_inflight"=>1000}
[2017-01-11T18:52:34,825][INFO ][logstash.pipeline        ] Pipeline main started
[2017-01-11T18:52:34,859][INFO ][logstash.agent           ] Successfully started Logstash API endpoint {:port=>9600}
[2017-01-11T18:54:30,712][WARN ][logstash.runner          ] SIGINT received. Shutting down the agent.
[2017-01-11T18:54:30,719][WARN ][logstash.agent           ] stopping pipeline {:id=>"main"}
[2017-01-11T18:54:41,890][ERROR][logstash.outputs.elasticsearch] Unknown setting 'protocol' for elasticsearch
[2017-01-11T18:54:41,898][ERROR][logstash.agent           ] fetched an invalid config {:config=>"input {\n    file {\n        type => \"apache-access\"\n        path => \"/Users/ayushi/Downloads/logstash-5.0.2/apache-access.log\"\n        start_position => \"beginning\"\n    }\n}\n\nfilter {\n\t grok {\n      match => [\n      \"message\" , \"%{COMBINEDAPACHELOG}+%{GREEDYDATA:extra_fields}\",\n      \"message\" , \"%{COMMONAPACHELOG}+%{GREEDYDATA:extra_fields}\"\n      ]\n      overwrite => [ \"message\" ]\n   }\n\n        date {\n      match => [ \"timestamp\" , \"dd/MMM/YYYY:HH:mm:ss Z\" ]\n      remove_field => [ \"timestamp\" ]\n   }\n}\n\noutput {\n        elasticsearch {\n                hosts=> \"localhost:9200\"\n\t\tindex => \"logs_%{+YYYY.MM.DD}\"\n\t\tprotocol => \"http\"\n\t\tmanage_template=> true\n                user=> \"elastic\"\n                password=> \"changeme\"\n        }\n        stdout {\n                codec => rubydebug\n        }\n}\n\n", :reason=>"Something is wrong with your configuration."}
[2017-01-11T18:56:51,035][ERROR][logstash.outputs.elasticsearch] Unknown setting 'host' for elasticsearch
[2017-01-11T18:56:51,037][ERROR][logstash.outputs.elasticsearch] Unknown setting 'port' for elasticsearch
[2017-01-11T18:56:51,038][ERROR][logstash.outputs.elasticsearch] Unknown setting 'protocol' for elasticsearch
[2017-01-11T18:56:51,043][ERROR][logstash.agent           ] fetched an invalid config {:config=>"input {\n    file {\n        type => \"apache-access\"\n        path => \"/Users/ayushi/Downloads/logstash-5.0.2/apache-access.log\"\n        start_position => \"beginning\"\n    }\n}\n\nfilter {\n\t grok {\n      match => [\n      \"message\" , \"%{COMBINEDAPACHELOG}+%{GREEDYDATA:extra_fields}\",\n      \"message\" , \"%{COMMONAPACHELOG}+%{GREEDYDATA:extra_fields}\"\n      ]\n      overwrite => [ \"message\" ]\n   }\n\n        date {\n      match => [ \"timestamp\" , \"dd/MMM/YYYY:HH:mm:ss Z\" ]\n      remove_field => [ \"timestamp\" ]\n   }\n}\n\noutput {\n  elasticsearch {\n    host => \"localhost\"\n    port => 9200\n    index => \"logs_%{+YYYY.MM.dd}\"\n    protocol => \"http\"\n    manage_template => true\n  }\n        stdout {\n                codec => rubydebug\n        }\n}\n\n", :reason=>"Something is wrong with your configuration."}
[2017-01-11T19:00:23,581][ERROR][logstash.outputs.elasticsearch] Unknown setting 'host' for elasticsearch
[2017-01-11T19:00:23,585][ERROR][logstash.outputs.elasticsearch] Unknown setting 'port' for elasticsearch
[2017-01-11T19:00:23,585][ERROR][logstash.outputs.elasticsearch] Unknown setting 'protocol' for elasticsearch
[2017-01-11T19:00:23,591][ERROR][logstash.agent           ] fetched an invalid config {:config=>"input {\n    file {\n        type => \"apache-access\"\n        path => \"/Users/ayushi/Downloads/logstash-5.0.2/apache-access.log\"\n        start_position => \"beginning\"\n    }\n}\n\nfilter {\n\t grok {\n      match => [\n      \"message\" , \"%{COMBINEDAPACHELOG}+%{GREEDYDATA:extra_fields}\",\n      \"message\" , \"%{COMMONAPACHELOG}+%{GREEDYDATA:extra_fields}\"\n      ]\n      overwrite => [ \"message\" ]\n   }\n\n        date {\n      match => [ \"timestamp\" , \"dd/MMM/YYYY:HH:mm:ss Z\" ]\n      remove_field => [ \"timestamp\" ]\n   }\n}\n\noutput {\n \t elasticsearch {\n    \t\thost => \"localhost\"\n    \t\tport => 9200\n    \t\tindex => \"logs_%{+YYYY.MM.dd}\"\n    \t\tprotocol => \"http\"\n    \t\tmanage_template => true\n  \t}\n        stdout {\n                codec => rubydebug\n        }\n}\n\n", :reason=>"Something is wrong with your configuration."}
[2017-01-11T19:01:18,082][ERROR][logstash.outputs.elasticsearch] Unknown setting 'host' for elasticsearch
[2017-01-11T19:01:18,089][ERROR][logstash.agent           ] fetched an invalid config {:config=>"input {\n    file {\n        type => \"apache-access\"\n        path => \"/Users/ayushi/Downloads/logstash-5.0.2/apache-access.log\"\n        start_position => \"beginning\"\n    }\n}\n\nfilter {\n\t grok {\n      match => [\n      \"message\" , \"%{COMBINEDAPACHELOG}+%{GREEDYDATA:extra_fields}\",\n      \"message\" , \"%{COMMONAPACHELOG}+%{GREEDYDATA:extra_fields}\"\n      ]\n      overwrite => [ \"message\" ]\n   }\n\n        date {\n      match => [ \"timestamp\" , \"dd/MMM/YYYY:HH:mm:ss Z\" ]\n      remove_field => [ \"timestamp\" ]\n   }\n}\n\noutput {\n \t elasticsearch {\n    \t\thost => \"localhost:9200\"\n    \t\tindex => \"logs_%{+YYYY.MM.dd}\"\n    \t\tmanage_template => true\n  \t}\n        stdout {\n                codec => rubydebug\n        }\n}\n\n", :reason=>"Something is wrong with your configuration."}
[2017-01-11T19:02:31,600][ERROR][logstash.outputs.elasticsearch] Unknown setting 'host' for elasticsearch
[2017-01-11T19:02:31,607][ERROR][logstash.agent           ] fetched an invalid config {:config=>"input {\n    file {\n        type => \"apache-access\"\n        path => \"/Users/ayushi/Downloads/logstash-5.0.2/apache-access.log\"\n        start_position => \"beginning\"\n    }\n}\n\nfilter {\n\t grok {\n      match => [\n      \"message\" , \"%{COMBINEDAPACHELOG}+%{GREEDYDATA:extra_fields}\",\n      \"message\" , \"%{COMMONAPACHELOG}+%{GREEDYDATA:extra_fields}\"\n      ]\n      overwrite => [ \"message\" ]\n   }\n\n        date {\n      match => [ \"timestamp\" , \"dd/MMM/YYYY:HH:mm:ss Z\" ]\n      remove_field => [ \"timestamp\" ]\n   }\n}\n\noutput {\n \t elasticsearch {\n    \t\thost=> \"localhost:9200\"\n    \t\tindex=> \"logs_%{+YYYY.MM.dd}\"\n    \t\tmanage_template=> true\n  \t}\n        stdout {\n                codec => rubydebug\n        }\n}\n\n", :reason=>"Something is wrong with your configuration."}
[2017-01-11T19:03:30,009][INFO ][logstash.outputs.elasticsearch] Elasticsearch pool URLs updated {:changes=>{:removed=>[], :added=>["http://localhost:9200"]}}
[2017-01-11T19:03:30,013][INFO ][logstash.outputs.elasticsearch] Using mapping template from {:path=>nil}
[2017-01-11T19:03:30,133][INFO ][logstash.outputs.elasticsearch] Attempting to install template {:manage_template=>{"template"=>"logstash-*", "version"=>50001, "settings"=>{"index.refresh_interval"=>"5s"}, "mappings"=>{"_default_"=>{"_all"=>{"enabled"=>true, "norms"=>false}, "dynamic_templates"=>[{"message_field"=>{"path_match"=>"message", "match_mapping_type"=>"string", "mapping"=>{"type"=>"text", "norms"=>false}}}, {"string_fields"=>{"match"=>"*", "match_mapping_type"=>"string", "mapping"=>{"type"=>"text", "norms"=>false, "fields"=>{"keyword"=>{"type"=>"keyword"}}}}}], "properties"=>{"@timestamp"=>{"type"=>"date", "include_in_all"=>false}, "@version"=>{"type"=>"keyword", "include_in_all"=>false}, "geoip"=>{"dynamic"=>true, "properties"=>{"ip"=>{"type"=>"ip"}, "location"=>{"type"=>"geo_point"}, "latitude"=>{"type"=>"half_float"}, "longitude"=>{"type"=>"half_float"}}}}}}}}
[2017-01-11T19:03:30,141][INFO ][logstash.outputs.elasticsearch] New Elasticsearch output {:class=>"LogStash::Outputs::ElasticSearch", :hosts=>["localhost:9200"]}
[2017-01-11T19:03:30,216][INFO ][logstash.pipeline        ] Starting pipeline {"id"=>"main", "pipeline.workers"=>8, "pipeline.batch.size"=>125, "pipeline.batch.delay"=>5, "pipeline.max_inflight"=>1000}
[2017-01-11T19:03:30,223][INFO ][logstash.pipeline        ] Pipeline main started
[2017-01-11T19:03:30,267][INFO ][logstash.agent           ] Successfully started Logstash API endpoint {:port=>9600}
[2017-01-11T19:07:25,574][WARN ][logstash.runner          ] SIGINT received. Shutting down the agent.
[2017-01-11T19:07:25,583][WARN ][logstash.agent           ] stopping pipeline {:id=>"main"}
[2017-01-11T19:07:38,249][INFO ][logstash.outputs.elasticsearch] Elasticsearch pool URLs updated {:changes=>{:removed=>[], :added=>["http://localhost:9200"]}}
[2017-01-11T19:07:38,253][INFO ][logstash.outputs.elasticsearch] Using mapping template from {:path=>nil}
[2017-01-11T19:07:38,355][INFO ][logstash.outputs.elasticsearch] Attempting to install template {:manage_template=>{"template"=>"logstash-*", "version"=>50001, "settings"=>{"index.refresh_interval"=>"5s"}, "mappings"=>{"_default_"=>{"_all"=>{"enabled"=>true, "norms"=>false}, "dynamic_templates"=>[{"message_field"=>{"path_match"=>"message", "match_mapping_type"=>"string", "mapping"=>{"type"=>"text", "norms"=>false}}}, {"string_fields"=>{"match"=>"*", "match_mapping_type"=>"string", "mapping"=>{"type"=>"text", "norms"=>false, "fields"=>{"keyword"=>{"type"=>"keyword"}}}}}], "properties"=>{"@timestamp"=>{"type"=>"date", "include_in_all"=>false}, "@version"=>{"type"=>"keyword", "include_in_all"=>false}, "geoip"=>{"dynamic"=>true, "properties"=>{"ip"=>{"type"=>"ip"}, "location"=>{"type"=>"geo_point"}, "latitude"=>{"type"=>"half_float"}, "longitude"=>{"type"=>"half_float"}}}}}}}}
[2017-01-11T19:07:38,363][INFO ][logstash.outputs.elasticsearch] New Elasticsearch output {:class=>"LogStash::Outputs::ElasticSearch", :hosts=>["localhost:9200"]}
[2017-01-11T19:07:38,371][INFO ][logstash.pipeline        ] Starting pipeline {"id"=>"main", "pipeline.workers"=>8, "pipeline.batch.size"=>125, "pipeline.batch.delay"=>5, "pipeline.max_inflight"=>1000}
[2017-01-11T19:07:38,376][INFO ][logstash.pipeline        ] Pipeline main started
[2017-01-11T19:07:38,418][INFO ][logstash.agent           ] Successfully started Logstash API endpoint {:port=>9600}
[2017-01-11T19:08:43,170][WARN ][logstash.runner          ] SIGINT received. Shutting down the agent.
[2017-01-11T19:08:43,177][WARN ][logstash.agent           ] stopping pipeline {:id=>"main"}
[2017-01-11T19:08:57,419][INFO ][logstash.outputs.elasticsearch] Elasticsearch pool URLs updated {:changes=>{:removed=>[], :added=>["http://localhost:9200"]}}
[2017-01-11T19:08:57,423][INFO ][logstash.outputs.elasticsearch] Using mapping template from {:path=>nil}
[2017-01-11T19:08:57,518][INFO ][logstash.outputs.elasticsearch] Attempting to install template {:manage_template=>{"template"=>"logstash-*", "version"=>50001, "settings"=>{"index.refresh_interval"=>"5s"}, "mappings"=>{"_default_"=>{"_all"=>{"enabled"=>true, "norms"=>false}, "dynamic_templates"=>[{"message_field"=>{"path_match"=>"message", "match_mapping_type"=>"string", "mapping"=>{"type"=>"text", "norms"=>false}}}, {"string_fields"=>{"match"=>"*", "match_mapping_type"=>"string", "mapping"=>{"type"=>"text", "norms"=>false, "fields"=>{"keyword"=>{"type"=>"keyword"}}}}}], "properties"=>{"@timestamp"=>{"type"=>"date", "include_in_all"=>false}, "@version"=>{"type"=>"keyword", "include_in_all"=>false}, "geoip"=>{"dynamic"=>true, "properties"=>{"ip"=>{"type"=>"ip"}, "location"=>{"type"=>"geo_point"}, "latitude"=>{"type"=>"half_float"}, "longitude"=>{"type"=>"half_float"}}}}}}}}
[2017-01-11T19:08:57,524][INFO ][logstash.outputs.elasticsearch] New Elasticsearch output {:class=>"LogStash::Outputs::ElasticSearch", :hosts=>["localhost:9200"]}
[2017-01-11T19:08:57,532][INFO ][logstash.pipeline        ] Starting pipeline {"id"=>"main", "pipeline.workers"=>8, "pipeline.batch.size"=>125, "pipeline.batch.delay"=>5, "pipeline.max_inflight"=>1000}
[2017-01-11T19:08:57,535][INFO ][logstash.pipeline        ] Pipeline main started
[2017-01-11T19:08:57,573][INFO ][logstash.agent           ] Successfully started Logstash API endpoint {:port=>9600}
[2017-01-11T19:10:13,293][WARN ][logstash.runner          ] SIGINT received. Shutting down the agent.
[2017-01-11T19:10:13,303][WARN ][logstash.agent           ] stopping pipeline {:id=>"main"}
[2017-01-11T19:12:11,906][INFO ][logstash.outputs.elasticsearch] Elasticsearch pool URLs updated {:changes=>{:removed=>[], :added=>["http://localhost:9200"]}}
[2017-01-11T19:12:11,911][INFO ][logstash.outputs.elasticsearch] Using mapping template from {:path=>nil}
[2017-01-11T19:12:12,010][INFO ][logstash.outputs.elasticsearch] Attempting to install template {:manage_template=>{"template"=>"logstash-*", "version"=>50001, "settings"=>{"index.refresh_interval"=>"5s"}, "mappings"=>{"_default_"=>{"_all"=>{"enabled"=>true, "norms"=>false}, "dynamic_templates"=>[{"message_field"=>{"path_match"=>"message", "match_mapping_type"=>"string", "mapping"=>{"type"=>"text", "norms"=>false}}}, {"string_fields"=>{"match"=>"*", "match_mapping_type"=>"string", "mapping"=>{"type"=>"text", "norms"=>false, "fields"=>{"keyword"=>{"type"=>"keyword"}}}}}], "properties"=>{"@timestamp"=>{"type"=>"date", "include_in_all"=>false}, "@version"=>{"type"=>"keyword", "include_in_all"=>false}, "geoip"=>{"dynamic"=>true, "properties"=>{"ip"=>{"type"=>"ip"}, "location"=>{"type"=>"geo_point"}, "latitude"=>{"type"=>"half_float"}, "longitude"=>{"type"=>"half_float"}}}}}}}}
[2017-01-11T19:12:12,016][INFO ][logstash.outputs.elasticsearch] New Elasticsearch output {:class=>"LogStash::Outputs::ElasticSearch", :hosts=>["localhost:9200"]}
[2017-01-11T19:12:12,082][INFO ][logstash.pipeline        ] Starting pipeline {"id"=>"main", "pipeline.workers"=>8, "pipeline.batch.size"=>125, "pipeline.batch.delay"=>5, "pipeline.max_inflight"=>1000}
[2017-01-11T19:12:12,086][INFO ][logstash.pipeline        ] Pipeline main started
[2017-01-11T19:12:12,127][INFO ][logstash.agent           ] Successfully started Logstash API endpoint {:port=>9600}
[2017-01-11T20:37:02,520][WARN ][logstash.runner          ] SIGINT received. Shutting down the agent.
[2017-01-11T20:37:02,527][WARN ][logstash.agent           ] stopping pipeline {:id=>"main"}
