[2016-12-01T12:12:43,812][INFO ][logstash.agent           ] No config files found in path {:path=>"/Users/ayushi/Downloads/logstash-5.0.2/logstash.conf"}
[2016-12-01T12:12:43,817][ERROR][logstash.agent           ] failed to fetch pipeline configuration {:message=>"No config files found: logstash.conf. Can you make sure this path is a logstash config file?"}
[2016-12-01T12:18:00,878][INFO ][logstash.pipeline        ] Starting pipeline {"id"=>"main", "pipeline.workers"=>8, "pipeline.batch.size"=>125, "pipeline.batch.delay"=>5, "pipeline.max_inflight"=>1000}
[2016-12-01T12:18:00,883][INFO ][logstash.pipeline        ] Pipeline main started
[2016-12-01T12:18:00,931][INFO ][logstash.agent           ] Successfully started Logstash API endpoint {:port=>9600}
[2016-12-01T12:18:28,654][WARN ][logstash.runner          ] SIGINT received. Shutting down the agent.
[2016-12-01T12:18:28,662][WARN ][logstash.agent           ] stopping pipeline {:id=>"main"}
[2016-12-01T12:46:30,881][INFO ][logstash.agent           ] No config files found in path {:path=>"/Users/ayushi/Downloads/logstash-5.0.2/Downloads/logstash/config/helloWorld.conf"}
[2016-12-01T12:46:30,885][ERROR][logstash.agent           ] failed to fetch pipeline configuration {:message=>"No config files found: Downloads/logstash/config/helloWorld.conf. Can you make sure this path is a logstash config file?"}
[2016-12-01T12:48:02,169][ERROR][logstash.agent           ] fetched an invalid config {:config=>"input {\n\ttcp {\n\t\tpost => 10000\n\t}\n}\n\nfilter {\n\n}\n\nouput {\n\telasticsearch {\n\t\thosts => \"localhost: 9200\"\n\t\tuser=> \"elastic\"\n\t\tpassword=> \"changeme\" \n\t}\n}\t\n\n", :reason=>"Expected one of #, input, filter, output at line 11, column 1 (byte 51) after "}
[2016-12-01T12:49:37,801][ERROR][logstash.agent           ] fetched an invalid config {:config=>"input {\n\ttcp {\n\t\tport => 10000\n\t}\n}\n\nfilter {\n\n}\n\nouput {\n\telasticsearch {\n\t\thosts => \"localhost: 9200\"\n\t\tuser=> \"elastic\"\n\t\tpassword=> \"changeme\" \n\t}\n}\t\n\n", :reason=>"Expected one of #, input, filter, output at line 11, column 1 (byte 51) after "}
[2016-12-01T12:51:07,698][INFO ][logstash.inputs.tcp      ] Starting tcp input listener {:address=>"0.0.0.0:10000"}
[2016-12-01T12:51:07,718][ERROR][logstash.agent           ] Pipeline aborted due to error {:exception=>#<LogStash::ConfigurationError: Host 'localhost: 9200' was specified, but is not valid! Use either a full URL or a hostname:port string!>, :backtrace=>["/Users/ayushi/Downloads/logstash-5.0.2/vendor/bundle/jruby/1.9/gems/logstash-output-elasticsearch-5.2.1-java/lib/logstash/outputs/elasticsearch/http_client.rb:183:in `host_to_url'", "/Users/ayushi/Downloads/logstash-5.0.2/vendor/bundle/jruby/1.9/gems/logstash-output-elasticsearch-5.2.1-java/lib/logstash/outputs/elasticsearch/http_client.rb:93:in `build_pool'", "org/jruby/RubyArray.java:2414:in `map'", "/Users/ayushi/Downloads/logstash-5.0.2/vendor/bundle/jruby/1.9/gems/logstash-output-elasticsearch-5.2.1-java/lib/logstash/outputs/elasticsearch/http_client.rb:93:in `build_pool'", "/Users/ayushi/Downloads/logstash-5.0.2/vendor/bundle/jruby/1.9/gems/logstash-output-elasticsearch-5.2.1-java/lib/logstash/outputs/elasticsearch/http_client.rb:20:in `initialize'", "/Users/ayushi/Downloads/logstash-5.0.2/vendor/bundle/jruby/1.9/gems/logstash-output-elasticsearch-5.2.1-java/lib/logstash/outputs/elasticsearch/http_client_builder.rb:53:in `build'", "/Users/ayushi/Downloads/logstash-5.0.2/vendor/bundle/jruby/1.9/gems/logstash-output-elasticsearch-5.2.1-java/lib/logstash/outputs/elasticsearch.rb:188:in `build_client'", "/Users/ayushi/Downloads/logstash-5.0.2/vendor/bundle/jruby/1.9/gems/logstash-output-elasticsearch-5.2.1-java/lib/logstash/outputs/elasticsearch/common.rb:13:in `register'", "/Users/ayushi/Downloads/logstash-5.0.2/logstash-core/lib/logstash/output_delegator_strategies/shared.rb:8:in `register'", "/Users/ayushi/Downloads/logstash-5.0.2/logstash-core/lib/logstash/output_delegator.rb:37:in `register'", "/Users/ayushi/Downloads/logstash-5.0.2/logstash-core/lib/logstash/pipeline.rb:196:in `start_workers'", "org/jruby/RubyArray.java:1613:in `each'", "/Users/ayushi/Downloads/logstash-5.0.2/logstash-core/lib/logstash/pipeline.rb:196:in `start_workers'", "/Users/ayushi/Downloads/logstash-5.0.2/logstash-core/lib/logstash/pipeline.rb:153:in `run'", "/Users/ayushi/Downloads/logstash-5.0.2/logstash-core/lib/logstash/agent.rb:250:in `start_pipeline'"]}
[2016-12-01T12:51:07,742][INFO ][logstash.agent           ] Successfully started Logstash API endpoint {:port=>9600}
[2016-12-01T12:51:10,736][WARN ][logstash.agent           ] stopping pipeline {:id=>"main"}
[2016-12-01T12:56:38,056][INFO ][logstash.inputs.tcp      ] Starting tcp input listener {:address=>"0.0.0.0:10000"}
[2016-12-01T12:56:38,072][ERROR][logstash.agent           ] Pipeline aborted due to error {:exception=>#<LogStash::ConfigurationError: Host 'localhost: 9200' was specified, but is not valid! Use either a full URL or a hostname:port string!>, :backtrace=>["/Users/ayushi/Downloads/logstash-5.0.2/vendor/bundle/jruby/1.9/gems/logstash-output-elasticsearch-5.2.1-java/lib/logstash/outputs/elasticsearch/http_client.rb:183:in `host_to_url'", "/Users/ayushi/Downloads/logstash-5.0.2/vendor/bundle/jruby/1.9/gems/logstash-output-elasticsearch-5.2.1-java/lib/logstash/outputs/elasticsearch/http_client.rb:93:in `build_pool'", "org/jruby/RubyArray.java:2414:in `map'", "/Users/ayushi/Downloads/logstash-5.0.2/vendor/bundle/jruby/1.9/gems/logstash-output-elasticsearch-5.2.1-java/lib/logstash/outputs/elasticsearch/http_client.rb:93:in `build_pool'", "/Users/ayushi/Downloads/logstash-5.0.2/vendor/bundle/jruby/1.9/gems/logstash-output-elasticsearch-5.2.1-java/lib/logstash/outputs/elasticsearch/http_client.rb:20:in `initialize'", "/Users/ayushi/Downloads/logstash-5.0.2/vendor/bundle/jruby/1.9/gems/logstash-output-elasticsearch-5.2.1-java/lib/logstash/outputs/elasticsearch/http_client_builder.rb:53:in `build'", "/Users/ayushi/Downloads/logstash-5.0.2/vendor/bundle/jruby/1.9/gems/logstash-output-elasticsearch-5.2.1-java/lib/logstash/outputs/elasticsearch.rb:188:in `build_client'", "/Users/ayushi/Downloads/logstash-5.0.2/vendor/bundle/jruby/1.9/gems/logstash-output-elasticsearch-5.2.1-java/lib/logstash/outputs/elasticsearch/common.rb:13:in `register'", "/Users/ayushi/Downloads/logstash-5.0.2/logstash-core/lib/logstash/output_delegator_strategies/shared.rb:8:in `register'", "/Users/ayushi/Downloads/logstash-5.0.2/logstash-core/lib/logstash/output_delegator.rb:37:in `register'", "/Users/ayushi/Downloads/logstash-5.0.2/logstash-core/lib/logstash/pipeline.rb:196:in `start_workers'", "org/jruby/RubyArray.java:1613:in `each'", "/Users/ayushi/Downloads/logstash-5.0.2/logstash-core/lib/logstash/pipeline.rb:196:in `start_workers'", "/Users/ayushi/Downloads/logstash-5.0.2/logstash-core/lib/logstash/pipeline.rb:153:in `run'", "/Users/ayushi/Downloads/logstash-5.0.2/logstash-core/lib/logstash/agent.rb:250:in `start_pipeline'"]}
[2016-12-01T12:56:38,126][INFO ][logstash.agent           ] Successfully started Logstash API endpoint {:port=>9600}
[2016-12-01T12:56:41,096][WARN ][logstash.agent           ] stopping pipeline {:id=>"main"}
[2016-12-01T12:57:57,491][INFO ][logstash.inputs.tcp      ] Starting tcp input listener {:address=>"0.0.0.0:10000"}
[2016-12-01T12:57:57,686][INFO ][logstash.outputs.elasticsearch] Elasticsearch pool URLs updated {:changes=>{:removed=>[], :added=>["http://~hidden~:~hidden~@localhost:9200"]}}
[2016-12-01T12:57:57,686][INFO ][logstash.outputs.elasticsearch] Using mapping template from {:path=>nil}
[2016-12-01T12:57:57,836][INFO ][logstash.outputs.elasticsearch] Attempting to install template {:manage_template=>{"template"=>"logstash-*", "version"=>50001, "settings"=>{"index.refresh_interval"=>"5s"}, "mappings"=>{"_default_"=>{"_all"=>{"enabled"=>true, "norms"=>false}, "dynamic_templates"=>[{"message_field"=>{"path_match"=>"message", "match_mapping_type"=>"string", "mapping"=>{"type"=>"text", "norms"=>false}}}, {"string_fields"=>{"match"=>"*", "match_mapping_type"=>"string", "mapping"=>{"type"=>"text", "norms"=>false, "fields"=>{"keyword"=>{"type"=>"keyword"}}}}}], "properties"=>{"@timestamp"=>{"type"=>"date", "include_in_all"=>false}, "@version"=>{"type"=>"keyword", "include_in_all"=>false}, "geoip"=>{"dynamic"=>true, "properties"=>{"ip"=>{"type"=>"ip"}, "location"=>{"type"=>"geo_point"}, "latitude"=>{"type"=>"half_float"}, "longitude"=>{"type"=>"half_float"}}}}}}}}
[2016-12-01T12:57:57,843][INFO ][logstash.outputs.elasticsearch] Installing elasticsearch template to _template/logstash
[2016-12-01T12:57:57,899][INFO ][logstash.outputs.elasticsearch] New Elasticsearch output {:class=>"LogStash::Outputs::ElasticSearch", :hosts=>["localhost:9200"]}
[2016-12-01T12:57:57,901][INFO ][logstash.pipeline        ] Starting pipeline {"id"=>"main", "pipeline.workers"=>8, "pipeline.batch.size"=>125, "pipeline.batch.delay"=>5, "pipeline.max_inflight"=>1000}
[2016-12-01T12:57:57,904][INFO ][logstash.pipeline        ] Pipeline main started
[2016-12-01T12:57:57,926][INFO ][logstash.agent           ] Successfully started Logstash API endpoint {:port=>9600}
[2016-12-01T13:00:45,110][WARN ][logstash.runner          ] SIGINT received. Shutting down the agent.
[2016-12-01T13:00:45,115][WARN ][logstash.agent           ] stopping pipeline {:id=>"main"}
[2016-12-01T14:49:01,662][ERROR][logstash.agent           ] fetched an invalid config {:config=>"input {\n\thttp {\n\t\thost=>\"http://igm.univ-mlv.fr/~cherrier/download/L1/access.log\"\n\t}\n}\n\nfilter {\n}\n\noutput {\n\telasticsearch {\n\t\tport=>localhost:9200\n\t\tuser=>elastic\n\t\tpassword=>mychange\n\t}  \n}\n\n\n", :reason=>"Expected one of #, {, } at line 12, column 18 (byte 144) after output {\n\telasticsearch {\n\t\tport=>localhost"}
[2016-12-01T14:50:26,388][ERROR][logstash.agent           ] fetched an invalid config {:config=>"input {\n\thttp {\n\t\thost=>\"http://igm.univ-mlv.fr/~cherrier/download/L1/access.log\"\n\t}\n}\n\nfilter {\n}\n\noutput {\n\telasticsearch {\n\t\thosts=>localhost:9200\n\t\tuser=>elastic\n\t\tpassword=>mychange\n\t}  \n}\n\n\n", :reason=>"Expected one of #, {, } at line 12, column 19 (byte 145) after output {\n\telasticsearch {\n\t\thosts=>localhost"}
[2016-12-01T14:51:36,521][ERROR][logstash.agent           ] Pipeline aborted due to error {:exception=>#<SocketError: initialize: name or service not known>, :backtrace=>["org/jruby/ext/socket/RubyTCPServer.java:115:in `initialize'", "org/jruby/RubyIO.java:871:in `new'", "/Users/ayushi/Downloads/logstash-5.0.2/vendor/bundle/jruby/1.9/gems/puma-2.16.0-java/lib/puma/binder.rb:234:in `add_tcp_listener'", "(eval):2:in `add_tcp_listener'", "/Users/ayushi/Downloads/logstash-5.0.2/vendor/bundle/jruby/1.9/gems/logstash-input-http-3.0.3/lib/logstash/inputs/http.rb:120:in `register'", "/Users/ayushi/Downloads/logstash-5.0.2/logstash-core/lib/logstash/pipeline.rb:319:in `start_inputs'", "org/jruby/RubyArray.java:1613:in `each'", "/Users/ayushi/Downloads/logstash-5.0.2/logstash-core/lib/logstash/pipeline.rb:318:in `start_inputs'", "/Users/ayushi/Downloads/logstash-5.0.2/logstash-core/lib/logstash/pipeline.rb:195:in `start_workers'", "/Users/ayushi/Downloads/logstash-5.0.2/logstash-core/lib/logstash/pipeline.rb:153:in `run'", "/Users/ayushi/Downloads/logstash-5.0.2/logstash-core/lib/logstash/agent.rb:250:in `start_pipeline'"]}
[2016-12-01T14:51:36,566][INFO ][logstash.agent           ] Successfully started Logstash API endpoint {:port=>9600}
[2016-12-01T14:51:39,537][WARN ][logstash.agent           ] stopping pipeline {:id=>"main"}
[2016-12-01T14:57:42,772][INFO ][logstash.inputs.tcp      ] Starting tcp input listener {:address=>"0.0.0.0:10000"}
[2016-12-01T14:57:42,973][INFO ][logstash.outputs.elasticsearch] Elasticsearch pool URLs updated {:changes=>{:removed=>[], :added=>["http://~hidden~:~hidden~@localhost:9200"]}}
[2016-12-01T14:57:42,974][INFO ][logstash.outputs.elasticsearch] Using mapping template from {:path=>nil}
[2016-12-01T14:57:43,112][INFO ][logstash.outputs.elasticsearch] Attempting to install template {:manage_template=>{"template"=>"logstash-*", "version"=>50001, "settings"=>{"index.refresh_interval"=>"5s"}, "mappings"=>{"_default_"=>{"_all"=>{"enabled"=>true, "norms"=>false}, "dynamic_templates"=>[{"message_field"=>{"path_match"=>"message", "match_mapping_type"=>"string", "mapping"=>{"type"=>"text", "norms"=>false}}}, {"string_fields"=>{"match"=>"*", "match_mapping_type"=>"string", "mapping"=>{"type"=>"text", "norms"=>false, "fields"=>{"keyword"=>{"type"=>"keyword"}}}}}], "properties"=>{"@timestamp"=>{"type"=>"date", "include_in_all"=>false}, "@version"=>{"type"=>"keyword", "include_in_all"=>false}, "geoip"=>{"dynamic"=>true, "properties"=>{"ip"=>{"type"=>"ip"}, "location"=>{"type"=>"geo_point"}, "latitude"=>{"type"=>"half_float"}, "longitude"=>{"type"=>"half_float"}}}}}}}}
[2016-12-01T14:57:43,120][INFO ][logstash.outputs.elasticsearch] New Elasticsearch output {:class=>"LogStash::Outputs::ElasticSearch", :hosts=>["localhost:9200"]}
[2016-12-01T14:57:43,122][INFO ][logstash.pipeline        ] Starting pipeline {"id"=>"main", "pipeline.workers"=>8, "pipeline.batch.size"=>125, "pipeline.batch.delay"=>5, "pipeline.max_inflight"=>1000}
[2016-12-01T14:57:43,124][INFO ][logstash.pipeline        ] Pipeline main started
[2016-12-01T14:57:43,158][INFO ][logstash.agent           ] Successfully started Logstash API endpoint {:port=>9600}
[2016-12-01T15:15:45,471][WARN ][logstash.runner          ] SIGINT received. Shutting down the agent.
[2016-12-01T15:15:45,481][WARN ][logstash.agent           ] stopping pipeline {:id=>"main"}
[2016-12-01T18:50:08,900][INFO ][logstash.agent           ] No config files found in path {:path=>"/Users/ayushi/Downloads/config/helloWorld.conf"}
[2016-12-01T18:50:08,906][ERROR][logstash.agent           ] failed to fetch pipeline configuration {:message=>"No config files found: config/helloWorld.conf. Can you make sure this path is a logstash config file?"}
